<?xml version="1.0" encoding="UTF-8"?>
<testsuites name="RunAllTestCasesTestSuite" time="2222.687" tests="43" failures="0" errors="0">
   <testsuite name="RunAllTestCasesTestSuite" tests="43" failures="0" errors="0" time="2222.687" skipped="0" timestamp="2021-07-23 20:00:53" hostname="arul - 192.168.0.106" id="Test Suites/AllTestSuites/RunAllTestCasesTestSuite">
      <properties>
         <property name="deviceName" value=""/>
         <property name="devicePlatform" value=""/>
         <property name="logFolder" value="D:\\NICHE STACK\\SERPWATCH TEAM\\QA Automation\\Katalon\\Dev Server Version 2\\TestAutomationSerpwatchDevVer2\\Reports\\20210723_200050\\AllTestSuites\\RunAllTestCasesTestSuite\\20210723_200050"/>
         <property name="logFiles" value="D:\\NICHE STACK\\SERPWATCH TEAM\\QA Automation\\Katalon\\Dev Server Version 2\\TestAutomationSerpwatchDevVer2\\Reports\\20210723_200050\\AllTestSuites\\RunAllTestCasesTestSuite\\20210723_200050\\execution0.log"/>
         <property name="attachments" value=""/>
         <property name="hostName" value="arul - 192.168.0.106"/>
         <property name="os" value="Windows 10 64bit"/>
         <property name="katalonVersion" value="8.0.5.208"/>
         <property name="browser" value="Firefox 89.0"/>
         <property name="hostAddress" value="192.168.0.106"/>
         <property name="sessionId" value="df2ca4d3-5787-422e-b718-5d99c245f32d"/>
         <property name="seleniumVersion" value="3.141.59"/>
         <property name="proxyInformation" value="ProxyInformation { proxyOption=NO_PROXY, proxyServerType=HTTP, username=, password=********, proxyServerAddress=, proxyServerPort=0, executionList=&quot;&quot;, isApplyToDesiredCapabilities=true }"/>
         <property name="platform" value="Windows 10"/>
      </properties>
      <testcase name="Test Cases/RegisterAndLogin/Negative/TS-LGN-24-LoginWithUnregisteredEmailTestCase" time="29.801" classname="Test Cases/RegisterAndLogin/Negative/TS-LGN-24-LoginWithUnregisteredEmailTestCase" status="PASSED">
         <system-out><![CDATA[2021-07-23 20:00:54 - [TEST_CASE][PASSED] - Test Cases/RegisterAndLogin/Negative/TS-LGN-24-LoginWithUnregisteredEmailTestCase: Test Cases/RegisterAndLogin/Negative/TS-LGN-24-LoginWithUnregisteredEmailTestCase

2021-07-23 20:00:54 - [TEST_STEP][PASSED] - com.helper.browserhelper.CustomBrowser.openBrowser(): com.helper.browserhelper.CustomBrowser.openBrowser is PASSED

2021-07-23 20:00:55 - [MESSAGE][INFO] - Starting 'Firefox' driver

2021-07-23 20:00:55 - [MESSAGE][INFO] - Action delay is set to 0 milliseconds

2021-07-23 20:01:15 - [MESSAGE][PASSED] - Browser is opened with url: 'https://dev-v2.serpwatch.io/login'

2021-07-23 20:01:15 - [MESSAGE][PASSED] - Wait for page load successfully

2021-07-23 20:01:16 - [MESSAGE][PASSED] - Current window maximized

2021-07-23 20:01:16 - [MESSAGE][PASSED] - com.helper.browserhelper.CustomBrowser.openBrowser is PASSED

2021-07-23 20:01:16 - [TEST_STEP][PASSED] - setText(findTestObject("LoginPage/input_sign in_email"), "aaa@gmail.com"): Text 'aaa@gmail.com' is set on object 'Object Repository/LoginPage/input_sign in_email'

2021-07-23 20:01:17 - [MESSAGE][PASSED] - Text 'aaa@gmail.com' is set on object 'Object Repository/LoginPage/input_sign in_email'

2021-07-23 20:01:17 - [TEST_STEP][PASSED] - setText(findTestObject("LoginPage/input_sign in_password"), "abc"): Text 'abc' is set on object 'Object Repository/LoginPage/input_sign in_password'

2021-07-23 20:01:18 - [MESSAGE][PASSED] - Text 'abc' is set on object 'Object Repository/LoginPage/input_sign in_password'

2021-07-23 20:01:18 - [TEST_STEP][PASSED] - click(findTestObject("LoginPage/button_login")): Object: 'Object Repository/LoginPage/button_login' is clicked on

2021-07-23 20:01:21 - [MESSAGE][PASSED] - Object: 'Object Repository/LoginPage/button_login' is clicked on

2021-07-23 20:01:21 - [TEST_STEP][PASSED] - waitForPageLoad(Timeout): Wait for page load successfully

2021-07-23 20:01:21 - [MESSAGE][PASSED] - Wait for page load successfully

2021-07-23 20:01:21 - [TEST_STEP][PASSED] - com.helper.browserhelper.CustomBrowser.closeBrowser(): com.helper.browserhelper.CustomBrowser.closeBrowser is PASSED

2021-07-23 20:01:24 - [MESSAGE][PASSED] - Browser is closed

2021-07-23 20:01:24 - [MESSAGE][PASSED] - com.helper.browserhelper.CustomBrowser.closeBrowser is PASSED]]></system-out>
         <system-err><![CDATA[]]></system-err>
      </testcase>
      <testcase name="Test Cases/RegisterAndLogin/Negative/TS-LGN-25-LoginWithWrongPasswordTestCase" time="21.911" classname="Test Cases/RegisterAndLogin/Negative/TS-LGN-25-LoginWithWrongPasswordTestCase" status="PASSED">
         <system-out><![CDATA[2021-07-23 20:01:24 - [TEST_CASE][PASSED] - Test Cases/RegisterAndLogin/Negative/TS-LGN-25-LoginWithWrongPasswordTestCase: Test Cases/RegisterAndLogin/Negative/TS-LGN-25-LoginWithWrongPasswordTestCase

2021-07-23 20:01:24 - [TEST_STEP][PASSED] - com.helper.browserhelper.CustomBrowser.openBrowser(): com.helper.browserhelper.CustomBrowser.openBrowser is PASSED

2021-07-23 20:01:24 - [MESSAGE][INFO] - Starting 'Firefox' driver

2021-07-23 20:01:24 - [MESSAGE][INFO] - Action delay is set to 0 milliseconds

2021-07-23 20:01:38 - [MESSAGE][PASSED] - Browser is opened with url: 'https://dev-v2.serpwatch.io/login'

2021-07-23 20:01:38 - [MESSAGE][PASSED] - Wait for page load successfully

2021-07-23 20:01:38 - [MESSAGE][PASSED] - Current window maximized

2021-07-23 20:01:38 - [MESSAGE][PASSED] - com.helper.browserhelper.CustomBrowser.openBrowser is PASSED

2021-07-23 20:01:38 - [TEST_STEP][PASSED] - setText(findTestObject("LoginPage/input_sign in_email"), LoginUsername): Text 'ayatullah.arul@gmail.com' is set on object 'Object Repository/LoginPage/input_sign in_email'

2021-07-23 20:01:39 - [MESSAGE][PASSED] - Text 'ayatullah.arul@gmail.com' is set on object 'Object Repository/LoginPage/input_sign in_email'

2021-07-23 20:01:39 - [TEST_STEP][PASSED] - setText(findTestObject("LoginPage/input_sign in_password"), "abc"): Text 'abc' is set on object 'Object Repository/LoginPage/input_sign in_password'

2021-07-23 20:01:39 - [MESSAGE][PASSED] - Text 'abc' is set on object 'Object Repository/LoginPage/input_sign in_password'

2021-07-23 20:01:39 - [TEST_STEP][PASSED] - click(findTestObject("LoginPage/button_login")): Object: 'Object Repository/LoginPage/button_login' is clicked on

2021-07-23 20:01:43 - [MESSAGE][PASSED] - Object: 'Object Repository/LoginPage/button_login' is clicked on

2021-07-23 20:01:43 - [TEST_STEP][PASSED] - waitForPageLoad(Timeout): Wait for page load successfully

2021-07-23 20:01:43 - [MESSAGE][PASSED] - Wait for page load successfully

2021-07-23 20:01:43 - [TEST_STEP][PASSED] - com.helper.browserhelper.CustomBrowser.closeBrowser(): com.helper.browserhelper.CustomBrowser.closeBrowser is PASSED

2021-07-23 20:01:46 - [MESSAGE][PASSED] - Browser is closed

2021-07-23 20:01:46 - [MESSAGE][PASSED] - com.helper.browserhelper.CustomBrowser.closeBrowser is PASSED]]></system-out>
         <system-err><![CDATA[]]></system-err>
      </testcase>
      <testcase name="Test Cases/RegisterAndLogin/Positive/TS-LGN-4-LoginThroughTheAppTestCase" time="28.829" classname="Test Cases/RegisterAndLogin/Positive/TS-LGN-4-LoginThroughTheAppTestCase" status="PASSED">
         <system-out><![CDATA[2021-07-23 20:01:46 - [TEST_CASE][PASSED] - Test Cases/RegisterAndLogin/Positive/TS-LGN-4-LoginThroughTheAppTestCase: Test Cases/RegisterAndLogin/Positive/TS-LGN-4-LoginThroughTheAppTestCase

2021-07-23 20:01:46 - [TEST_STEP][PASSED] - openBrowser(LoginUrl): Browser is opened with url: 'https://dev-v2.serpwatch.io/login'

2021-07-23 20:01:46 - [MESSAGE][INFO] - Starting 'Firefox' driver

2021-07-23 20:01:46 - [MESSAGE][INFO] - Action delay is set to 0 milliseconds

2021-07-23 20:02:02 - [MESSAGE][PASSED] - Browser is opened with url: 'https://dev-v2.serpwatch.io/login'

2021-07-23 20:02:02 - [TEST_STEP][PASSED] - waitForPageLoad(Timeout): Wait for page load successfully

2021-07-23 20:02:02 - [MESSAGE][PASSED] - Wait for page load successfully

2021-07-23 20:02:02 - [TEST_STEP][PASSED] - maximizeWindow(): Current window maximized

2021-07-23 20:02:02 - [MESSAGE][PASSED] - Current window maximized

2021-07-23 20:02:02 - [TEST_STEP][PASSED] - waitForPageLoad(Timeout): Wait for page load successfully

2021-07-23 20:02:02 - [MESSAGE][PASSED] - Wait for page load successfully

2021-07-23 20:02:02 - [TEST_STEP][PASSED] - sendKeys(findTestObject("LoginPage/input_sign in_email"), LoginUsername): Keys 'ayatullah.arul@gmail.com' sent to object: 'Object Repository/LoginPage/input_sign in_email'

2021-07-23 20:02:03 - [MESSAGE][PASSED] - Keys 'ayatullah.arul@gmail.com' sent to object: 'Object Repository/LoginPage/input_sign in_email'

2021-07-23 20:02:03 - [TEST_STEP][PASSED] - sendKeys(findTestObject("LoginPage/input_sign in_password"), LoginPassword): Keys 'aaa101' sent to object: 'Object Repository/LoginPage/input_sign in_password'

2021-07-23 20:02:03 - [MESSAGE][PASSED] - Keys 'aaa101' sent to object: 'Object Repository/LoginPage/input_sign in_password'

2021-07-23 20:02:03 - [TEST_STEP][PASSED] - click(findTestObject("LoginPage/button_login")): Object: 'Object Repository/LoginPage/button_login' is clicked on

2021-07-23 20:02:11 - [MESSAGE][PASSED] - Object: 'Object Repository/LoginPage/button_login' is clicked on

2021-07-23 20:02:11 - [TEST_STEP][PASSED] - waitForPageLoad(Timeout): Wait for page load successfully

2021-07-23 20:02:12 - [MESSAGE][PASSED] - Wait for page load successfully

2021-07-23 20:02:12 - [TEST_STEP][PASSED] - closeBrowser(): Browser is closed

2021-07-23 20:02:14 - [MESSAGE][PASSED] - Browser is closed]]></system-out>
         <system-err><![CDATA[]]></system-err>
      </testcase>
      <testcase name="Test Cases/RegisterAndLogin/Negative/TS-LGN-20-RegisterWithEmailFieldEmptyTestCase" time="34.056" classname="Test Cases/RegisterAndLogin/Negative/TS-LGN-20-RegisterWithEmailFieldEmptyTestCase" status="PASSED">
         <system-out><![CDATA[2021-07-23 20:02:14 - [TEST_CASE][PASSED] - Test Cases/RegisterAndLogin/Negative/TS-LGN-20-RegisterWithEmailFieldEmptyTestCase: Test Cases/RegisterAndLogin/Negative/TS-LGN-20-RegisterWithEmailFieldEmptyTestCase

2021-07-23 20:02:15 - [TEST_STEP][PASSED] - com.helper.browserhelper.CustomBrowser.openRegisterPage(): com.helper.browserhelper.CustomBrowser.openRegisterPage is PASSED

2021-07-23 20:02:15 - [MESSAGE][INFO] - Starting 'Firefox' driver

2021-07-23 20:02:15 - [MESSAGE][INFO] - Action delay is set to 0 milliseconds

2021-07-23 20:02:29 - [MESSAGE][PASSED] - Browser is opened with url: 'https://dev-v2.serpwatch.io/login'

2021-07-23 20:02:29 - [MESSAGE][PASSED] - Current window maximized

2021-07-23 20:02:35 - [MESSAGE][PASSED] - Object: 'Object Repository/LoginPage/button_get_started' is clicked on

2021-07-23 20:02:35 - [MESSAGE][PASSED] - com.helper.browserhelper.CustomBrowser.openRegisterPage is PASSED

2021-07-23 20:02:35 - [TEST_STEP][PASSED] - waitForPageLoad(Timeout): Wait for page load successfully

2021-07-23 20:02:35 - [MESSAGE][PASSED] - Wait for page load successfully

2021-07-23 20:02:35 - [TEST_STEP][PASSED] - setText(findTestObject("RegisterPage/input_signup_name"), "aaa"): Text 'aaa' is set on object 'Object Repository/RegisterPage/input_signup_name'

2021-07-23 20:02:37 - [MESSAGE][PASSED] - Text 'aaa' is set on object 'Object Repository/RegisterPage/input_signup_name'

2021-07-23 20:02:37 - [TEST_STEP][PASSED] - setText(findTestObject("RegisterPage/input_signup_email"), ""): Text '' is set on object 'Object Repository/RegisterPage/input_signup_email'

2021-07-23 20:02:39 - [MESSAGE][PASSED] - Text '' is set on object 'Object Repository/RegisterPage/input_signup_email'

2021-07-23 20:02:39 - [TEST_STEP][PASSED] - setText(findTestObject("RegisterPage/input_signup_password"), "aaaaaa"): Text 'aaaaaa' is set on object 'Object Repository/RegisterPage/input_signup_password'

2021-07-23 20:02:40 - [MESSAGE][PASSED] - Text 'aaaaaa' is set on object 'Object Repository/RegisterPage/input_signup_password'

2021-07-23 20:02:40 - [TEST_STEP][PASSED] - setText(findTestObject("RegisterPage/input_signup_password_confirmation"), "aaaaaa"): Text 'aaaaaa' is set on object 'Object Repository/RegisterPage/input_signup_password_confirmation'

2021-07-23 20:02:41 - [MESSAGE][PASSED] - Text 'aaaaaa' is set on object 'Object Repository/RegisterPage/input_signup_password_confirmation'

2021-07-23 20:02:41 - [TEST_STEP][PASSED] - check(findTestObject("RegisterPage/checkbox_agreement")): Object 'Object Repository/RegisterPage/checkbox_agreement' is checked

2021-07-23 20:02:42 - [MESSAGE][PASSED] - Object 'Object Repository/RegisterPage/checkbox_agreement' is checked

2021-07-23 20:02:42 - [TEST_STEP][PASSED] - click(findTestObject("RegisterPage/button_register")): Object: 'Object Repository/RegisterPage/button_register' is clicked on

2021-07-23 20:02:43 - [MESSAGE][PASSED] - Object: 'Object Repository/RegisterPage/button_register' is clicked on

2021-07-23 20:02:43 - [TEST_STEP][PASSED] - waitForPageLoad(Timeout): Wait for page load successfully

2021-07-23 20:02:43 - [MESSAGE][PASSED] - Wait for page load successfully

2021-07-23 20:02:43 - [TEST_STEP][PASSED] - delay(3): Delayed 3 second(s)

2021-07-23 20:02:46 - [MESSAGE][PASSED] - Delayed 3 second(s)

2021-07-23 20:02:46 - [TEST_STEP][PASSED] - com.helper.browserhelper.CustomBrowser.closeBrowser(): com.helper.browserhelper.CustomBrowser.closeBrowser is PASSED

2021-07-23 20:02:49 - [MESSAGE][PASSED] - Browser is closed

2021-07-23 20:02:49 - [MESSAGE][PASSED] - com.helper.browserhelper.CustomBrowser.closeBrowser is PASSED]]></system-out>
         <system-err><![CDATA[]]></system-err>
      </testcase>
      <testcase name="Test Cases/RegisterAndLogin/Negative/TS-LGN-15-RegisterWithInvalidNameFormatTestCase" time="35.772" classname="Test Cases/RegisterAndLogin/Negative/TS-LGN-15-RegisterWithInvalidNameFormatTestCase" status="PASSED">
         <system-out><![CDATA[2021-07-23 20:02:49 - [TEST_CASE][PASSED] - Test Cases/RegisterAndLogin/Negative/TS-LGN-15-RegisterWithInvalidNameFormatTestCase: Test Cases/RegisterAndLogin/Negative/TS-LGN-15-RegisterWithInvalidNameFormatTestCase

2021-07-23 20:02:49 - [TEST_STEP][PASSED] - com.helper.browserhelper.CustomBrowser.openRegisterPage(): com.helper.browserhelper.CustomBrowser.openRegisterPage is PASSED

2021-07-23 20:02:49 - [MESSAGE][INFO] - Starting 'Firefox' driver

2021-07-23 20:02:49 - [MESSAGE][INFO] - Action delay is set to 0 milliseconds

2021-07-23 20:03:05 - [MESSAGE][PASSED] - Browser is opened with url: 'https://dev-v2.serpwatch.io/login'

2021-07-23 20:03:05 - [MESSAGE][PASSED] - Current window maximized

2021-07-23 20:03:09 - [MESSAGE][PASSED] - Object: 'Object Repository/LoginPage/button_get_started' is clicked on

2021-07-23 20:03:09 - [MESSAGE][PASSED] - com.helper.browserhelper.CustomBrowser.openRegisterPage is PASSED

2021-07-23 20:03:09 - [TEST_STEP][PASSED] - waitForPageLoad(Timeout): Wait for page load successfully

2021-07-23 20:03:09 - [MESSAGE][PASSED] - Wait for page load successfully

2021-07-23 20:03:09 - [TEST_STEP][PASSED] - setText(findTestObject("RegisterPage/input_signup_name"), "@#$@#$"): Text '@#$@#$' is set on object 'Object Repository/RegisterPage/input_signup_name'

2021-07-23 20:03:10 - [MESSAGE][PASSED] - Text '@#$@#$' is set on object 'Object Repository/RegisterPage/input_signup_name'

2021-07-23 20:03:10 - [TEST_STEP][PASSED] - setText(findTestObject("RegisterPage/input_signup_email"), "aaa@gmail.com"): Text 'aaa@gmail.com' is set on object 'Object Repository/RegisterPage/input_signup_email'

2021-07-23 20:03:10 - [MESSAGE][PASSED] - Text 'aaa@gmail.com' is set on object 'Object Repository/RegisterPage/input_signup_email'

2021-07-23 20:03:10 - [TEST_STEP][PASSED] - setText(findTestObject("RegisterPage/input_signup_password"), "aaaaaa"): Text 'aaaaaa' is set on object 'Object Repository/RegisterPage/input_signup_password'

2021-07-23 20:03:11 - [MESSAGE][PASSED] - Text 'aaaaaa' is set on object 'Object Repository/RegisterPage/input_signup_password'

2021-07-23 20:03:11 - [TEST_STEP][PASSED] - setText(findTestObject("RegisterPage/input_signup_password_confirmation"), "aaaaaa"): Text 'aaaaaa' is set on object 'Object Repository/RegisterPage/input_signup_password_confirmation'

2021-07-23 20:03:12 - [MESSAGE][PASSED] - Text 'aaaaaa' is set on object 'Object Repository/RegisterPage/input_signup_password_confirmation'

2021-07-23 20:03:12 - [TEST_STEP][PASSED] - check(findTestObject("RegisterPage/checkbox_agreement")): Object 'Object Repository/RegisterPage/checkbox_agreement' is checked

2021-07-23 20:03:13 - [MESSAGE][PASSED] - Object 'Object Repository/RegisterPage/checkbox_agreement' is checked

2021-07-23 20:03:13 - [TEST_STEP][PASSED] - click(findTestObject("RegisterPage/button_register")): Object: 'Object Repository/RegisterPage/button_register' is clicked on

2021-07-23 20:03:18 - [MESSAGE][PASSED] - Object: 'Object Repository/RegisterPage/button_register' is clicked on

2021-07-23 20:03:18 - [TEST_STEP][PASSED] - waitForPageLoad(Timeout): Wait for page load successfully

2021-07-23 20:03:18 - [MESSAGE][PASSED] - Wait for page load successfully

2021-07-23 20:03:18 - [TEST_STEP][PASSED] - delay(3): Delayed 3 second(s)

2021-07-23 20:03:21 - [MESSAGE][PASSED] - Delayed 3 second(s)

2021-07-23 20:03:21 - [TEST_STEP][PASSED] - com.helper.browserhelper.CustomBrowser.closeBrowser(): com.helper.browserhelper.CustomBrowser.closeBrowser is PASSED

2021-07-23 20:03:24 - [MESSAGE][PASSED] - Browser is closed

2021-07-23 20:03:24 - [MESSAGE][PASSED] - com.helper.browserhelper.CustomBrowser.closeBrowser is PASSED]]></system-out>
         <system-err><![CDATA[]]></system-err>
      </testcase>
      <testcase name="Test Cases/RegisterAndLogin/Negative/TS-LGN-19-RegisterWithNameFieldEmptyTestCase" time="31.888" classname="Test Cases/RegisterAndLogin/Negative/TS-LGN-19-RegisterWithNameFieldEmptyTestCase" status="PASSED">
         <system-out><![CDATA[2021-07-23 20:03:24 - [TEST_CASE][PASSED] - Test Cases/RegisterAndLogin/Negative/TS-LGN-19-RegisterWithNameFieldEmptyTestCase: Test Cases/RegisterAndLogin/Negative/TS-LGN-19-RegisterWithNameFieldEmptyTestCase

2021-07-23 20:03:25 - [TEST_STEP][PASSED] - com.helper.browserhelper.CustomBrowser.openRegisterPage(): com.helper.browserhelper.CustomBrowser.openRegisterPage is PASSED

2021-07-23 20:03:25 - [MESSAGE][INFO] - Starting 'Firefox' driver

2021-07-23 20:03:25 - [MESSAGE][INFO] - Action delay is set to 0 milliseconds

2021-07-23 20:03:41 - [MESSAGE][PASSED] - Browser is opened with url: 'https://dev-v2.serpwatch.io/login'

2021-07-23 20:03:41 - [MESSAGE][PASSED] - Current window maximized

2021-07-23 20:03:46 - [MESSAGE][PASSED] - Object: 'Object Repository/LoginPage/button_get_started' is clicked on

2021-07-23 20:03:46 - [MESSAGE][PASSED] - com.helper.browserhelper.CustomBrowser.openRegisterPage is PASSED

2021-07-23 20:03:46 - [TEST_STEP][PASSED] - waitForPageLoad(Timeout): Wait for page load successfully

2021-07-23 20:03:46 - [MESSAGE][PASSED] - Wait for page load successfully

2021-07-23 20:03:46 - [TEST_STEP][PASSED] - setText(findTestObject("RegisterPage/input_signup_name"), ""): Text '' is set on object 'Object Repository/RegisterPage/input_signup_name'

2021-07-23 20:03:47 - [MESSAGE][PASSED] - Text '' is set on object 'Object Repository/RegisterPage/input_signup_name'

2021-07-23 20:03:47 - [TEST_STEP][PASSED] - setText(findTestObject("RegisterPage/input_signup_email"), "aaa@gmail.com"): Text 'aaa@gmail.com' is set on object 'Object Repository/RegisterPage/input_signup_email'

2021-07-23 20:03:47 - [MESSAGE][PASSED] - Text 'aaa@gmail.com' is set on object 'Object Repository/RegisterPage/input_signup_email'

2021-07-23 20:03:47 - [TEST_STEP][PASSED] - setText(findTestObject("RegisterPage/input_signup_password"), "aaaaaa"): Text 'aaaaaa' is set on object 'Object Repository/RegisterPage/input_signup_password'

2021-07-23 20:03:48 - [MESSAGE][PASSED] - Text 'aaaaaa' is set on object 'Object Repository/RegisterPage/input_signup_password'

2021-07-23 20:03:48 - [TEST_STEP][PASSED] - setText(findTestObject("RegisterPage/input_signup_password_confirmation"), "aaaaaa"): Text 'aaaaaa' is set on object 'Object Repository/RegisterPage/input_signup_password_confirmation'

2021-07-23 20:03:49 - [MESSAGE][PASSED] - Text 'aaaaaa' is set on object 'Object Repository/RegisterPage/input_signup_password_confirmation'

2021-07-23 20:03:49 - [TEST_STEP][PASSED] - check(findTestObject("RegisterPage/checkbox_agreement")): Object 'Object Repository/RegisterPage/checkbox_agreement' is checked

2021-07-23 20:03:50 - [MESSAGE][PASSED] - Object 'Object Repository/RegisterPage/checkbox_agreement' is checked

2021-07-23 20:03:50 - [TEST_STEP][PASSED] - click(findTestObject("RegisterPage/button_register")): Object: 'Object Repository/RegisterPage/button_register' is clicked on

2021-07-23 20:03:50 - [MESSAGE][PASSED] - Object: 'Object Repository/RegisterPage/button_register' is clicked on

2021-07-23 20:03:50 - [TEST_STEP][PASSED] - waitForPageLoad(Timeout): Wait for page load successfully

2021-07-23 20:03:50 - [MESSAGE][PASSED] - Wait for page load successfully

2021-07-23 20:03:50 - [TEST_STEP][PASSED] - delay(3): Delayed 3 second(s)

2021-07-23 20:03:53 - [MESSAGE][PASSED] - Delayed 3 second(s)

2021-07-23 20:03:53 - [TEST_STEP][PASSED] - com.helper.browserhelper.CustomBrowser.closeBrowser(): com.helper.browserhelper.CustomBrowser.closeBrowser is PASSED

2021-07-23 20:03:56 - [MESSAGE][PASSED] - Browser is closed

2021-07-23 20:03:56 - [MESSAGE][PASSED] - com.helper.browserhelper.CustomBrowser.closeBrowser is PASSED]]></system-out>
         <system-err><![CDATA[]]></system-err>
      </testcase>
      <testcase name="Test Cases/RegisterAndLogin/Negative/TS-LGN-14-RegisterWithNameUnder3CharactersTestCase" time="34.022" classname="Test Cases/RegisterAndLogin/Negative/TS-LGN-14-RegisterWithNameUnder3CharactersTestCase" status="PASSED">
         <system-out><![CDATA[2021-07-23 20:03:56 - [TEST_CASE][PASSED] - Test Cases/RegisterAndLogin/Negative/TS-LGN-14-RegisterWithNameUnder3CharactersTestCase: Test Cases/RegisterAndLogin/Negative/TS-LGN-14-RegisterWithNameUnder3CharactersTestCase

2021-07-23 20:03:57 - [TEST_STEP][PASSED] - com.helper.browserhelper.CustomBrowser.openRegisterPage(): com.helper.browserhelper.CustomBrowser.openRegisterPage is PASSED

2021-07-23 20:03:57 - [MESSAGE][INFO] - Starting 'Firefox' driver

2021-07-23 20:03:57 - [MESSAGE][INFO] - Action delay is set to 0 milliseconds

2021-07-23 20:04:11 - [MESSAGE][PASSED] - Browser is opened with url: 'https://dev-v2.serpwatch.io/login'

2021-07-23 20:04:11 - [MESSAGE][PASSED] - Current window maximized

2021-07-23 20:04:16 - [MESSAGE][PASSED] - Object: 'Object Repository/LoginPage/button_get_started' is clicked on

2021-07-23 20:04:16 - [MESSAGE][PASSED] - com.helper.browserhelper.CustomBrowser.openRegisterPage is PASSED

2021-07-23 20:04:16 - [TEST_STEP][PASSED] - waitForPageLoad(Timeout): Wait for page load successfully

2021-07-23 20:04:16 - [MESSAGE][PASSED] - Wait for page load successfully

2021-07-23 20:04:16 - [TEST_STEP][PASSED] - setText(findTestObject("RegisterPage/input_signup_name"), "aa"): Text 'aa' is set on object 'Object Repository/RegisterPage/input_signup_name'

2021-07-23 20:04:16 - [MESSAGE][PASSED] - Text 'aa' is set on object 'Object Repository/RegisterPage/input_signup_name'

2021-07-23 20:04:16 - [TEST_STEP][PASSED] - setText(findTestObject("RegisterPage/input_signup_email"), "aaa@gmail.com"): Text 'aaa@gmail.com' is set on object 'Object Repository/RegisterPage/input_signup_email'

2021-07-23 20:04:17 - [MESSAGE][PASSED] - Text 'aaa@gmail.com' is set on object 'Object Repository/RegisterPage/input_signup_email'

2021-07-23 20:04:17 - [TEST_STEP][PASSED] - setText(findTestObject("RegisterPage/input_signup_password"), "aaaaaa"): Text 'aaaaaa' is set on object 'Object Repository/RegisterPage/input_signup_password'

2021-07-23 20:04:18 - [MESSAGE][PASSED] - Text 'aaaaaa' is set on object 'Object Repository/RegisterPage/input_signup_password'

2021-07-23 20:04:18 - [TEST_STEP][PASSED] - setText(findTestObject("RegisterPage/input_signup_password_confirmation"), "aaaaaa"): Text 'aaaaaa' is set on object 'Object Repository/RegisterPage/input_signup_password_confirmation'

2021-07-23 20:04:19 - [MESSAGE][PASSED] - Text 'aaaaaa' is set on object 'Object Repository/RegisterPage/input_signup_password_confirmation'

2021-07-23 20:04:19 - [TEST_STEP][PASSED] - check(findTestObject("RegisterPage/checkbox_agreement")): Object 'Object Repository/RegisterPage/checkbox_agreement' is checked

2021-07-23 20:04:20 - [MESSAGE][PASSED] - Object 'Object Repository/RegisterPage/checkbox_agreement' is checked

2021-07-23 20:04:20 - [TEST_STEP][PASSED] - click(findTestObject("RegisterPage/button_register")): Object: 'Object Repository/RegisterPage/button_register' is clicked on

2021-07-23 20:04:25 - [MESSAGE][PASSED] - Object: 'Object Repository/RegisterPage/button_register' is clicked on

2021-07-23 20:04:25 - [TEST_STEP][PASSED] - waitForPageLoad(Timeout): Wait for page load successfully

2021-07-23 20:04:25 - [MESSAGE][PASSED] - Wait for page load successfully

2021-07-23 20:04:25 - [TEST_STEP][PASSED] - delay(3): Delayed 3 second(s)

2021-07-23 20:04:28 - [MESSAGE][PASSED] - Delayed 3 second(s)

2021-07-23 20:04:28 - [TEST_STEP][PASSED] - com.helper.browserhelper.CustomBrowser.closeBrowser(): com.helper.browserhelper.CustomBrowser.closeBrowser is PASSED

2021-07-23 20:04:30 - [MESSAGE][PASSED] - Browser is closed

2021-07-23 20:04:30 - [MESSAGE][PASSED] - com.helper.browserhelper.CustomBrowser.closeBrowser is PASSED]]></system-out>
         <system-err><![CDATA[]]></system-err>
      </testcase>
      <testcase name="Test Cases/RegisterAndLogin/Negative/TS-LGN-17-RegisterWithNotMatchingPasswordConfirmTestCase" time="34.813" classname="Test Cases/RegisterAndLogin/Negative/TS-LGN-17-RegisterWithNotMatchingPasswordConfirmTestCase" status="PASSED">
         <system-out><![CDATA[2021-07-23 20:04:30 - [TEST_CASE][PASSED] - Test Cases/RegisterAndLogin/Negative/TS-LGN-17-RegisterWithNotMatchingPasswordConfirmTestCase: Test Cases/RegisterAndLogin/Negative/TS-LGN-17-RegisterWithNotMatchingPasswordConfirmTestCase

2021-07-23 20:04:31 - [TEST_STEP][PASSED] - com.helper.browserhelper.CustomBrowser.openRegisterPage(): com.helper.browserhelper.CustomBrowser.openRegisterPage is PASSED

2021-07-23 20:04:31 - [MESSAGE][INFO] - Starting 'Firefox' driver

2021-07-23 20:04:31 - [MESSAGE][INFO] - Action delay is set to 0 milliseconds

2021-07-23 20:04:43 - [MESSAGE][PASSED] - Browser is opened with url: 'https://dev-v2.serpwatch.io/login'

2021-07-23 20:04:43 - [MESSAGE][PASSED] - Current window maximized

2021-07-23 20:04:48 - [MESSAGE][PASSED] - Object: 'Object Repository/LoginPage/button_get_started' is clicked on

2021-07-23 20:04:48 - [MESSAGE][PASSED] - com.helper.browserhelper.CustomBrowser.openRegisterPage is PASSED

2021-07-23 20:04:48 - [TEST_STEP][PASSED] - waitForPageLoad(Timeout): Wait for page load successfully

2021-07-23 20:04:48 - [MESSAGE][PASSED] - Wait for page load successfully

2021-07-23 20:04:48 - [TEST_STEP][PASSED] - setText(findTestObject("RegisterPage/input_signup_name"), "aabbbccc"): Text 'aabbbccc' is set on object 'Object Repository/RegisterPage/input_signup_name'

2021-07-23 20:04:49 - [MESSAGE][PASSED] - Text 'aabbbccc' is set on object 'Object Repository/RegisterPage/input_signup_name'

2021-07-23 20:04:49 - [TEST_STEP][PASSED] - setText(findTestObject("RegisterPage/input_signup_email"), "aaa@gmail.com"): Text 'aaa@gmail.com' is set on object 'Object Repository/RegisterPage/input_signup_email'

2021-07-23 20:04:50 - [MESSAGE][PASSED] - Text 'aaa@gmail.com' is set on object 'Object Repository/RegisterPage/input_signup_email'

2021-07-23 20:04:50 - [TEST_STEP][PASSED] - setText(findTestObject("RegisterPage/input_signup_password"), "aaaaaa"): Text 'aaaaaa' is set on object 'Object Repository/RegisterPage/input_signup_password'

2021-07-23 20:04:51 - [MESSAGE][PASSED] - Text 'aaaaaa' is set on object 'Object Repository/RegisterPage/input_signup_password'

2021-07-23 20:04:51 - [TEST_STEP][PASSED] - setText(findTestObject("RegisterPage/input_signup_password_confirmation"), "aaabbb"): Text 'aaabbb' is set on object 'Object Repository/RegisterPage/input_signup_password_confirmation'

2021-07-23 20:04:52 - [MESSAGE][PASSED] - Text 'aaabbb' is set on object 'Object Repository/RegisterPage/input_signup_password_confirmation'

2021-07-23 20:04:52 - [TEST_STEP][PASSED] - check(findTestObject("RegisterPage/checkbox_agreement")): Object 'Object Repository/RegisterPage/checkbox_agreement' is checked

2021-07-23 20:04:53 - [MESSAGE][PASSED] - Object 'Object Repository/RegisterPage/checkbox_agreement' is checked

2021-07-23 20:04:53 - [TEST_STEP][PASSED] - click(findTestObject("RegisterPage/button_register")): Object: 'Object Repository/RegisterPage/button_register' is clicked on

2021-07-23 20:04:59 - [MESSAGE][PASSED] - Object: 'Object Repository/RegisterPage/button_register' is clicked on

2021-07-23 20:04:59 - [TEST_STEP][PASSED] - waitForPageLoad(Timeout): Wait for page load successfully

2021-07-23 20:04:59 - [MESSAGE][PASSED] - Wait for page load successfully

2021-07-23 20:04:59 - [TEST_STEP][PASSED] - delay(3): Delayed 3 second(s)

2021-07-23 20:05:02 - [MESSAGE][PASSED] - Delayed 3 second(s)

2021-07-23 20:05:02 - [TEST_STEP][PASSED] - com.helper.browserhelper.CustomBrowser.closeBrowser(): com.helper.browserhelper.CustomBrowser.closeBrowser is PASSED

2021-07-23 20:05:05 - [MESSAGE][PASSED] - Browser is closed

2021-07-23 20:05:05 - [MESSAGE][PASSED] - com.helper.browserhelper.CustomBrowser.closeBrowser is PASSED]]></system-out>
         <system-err><![CDATA[]]></system-err>
      </testcase>
      <testcase name="Test Cases/RegisterAndLogin/Negative/TS-LGN-16-RegisterWithoutAcceptingToSTestCase" time="30.096" classname="Test Cases/RegisterAndLogin/Negative/TS-LGN-16-RegisterWithoutAcceptingToSTestCase" status="PASSED">
         <system-out><![CDATA[2021-07-23 20:05:05 - [TEST_CASE][PASSED] - Test Cases/RegisterAndLogin/Negative/TS-LGN-16-RegisterWithoutAcceptingToSTestCase: Test Cases/RegisterAndLogin/Negative/TS-LGN-16-RegisterWithoutAcceptingToSTestCase

2021-07-23 20:05:05 - [TEST_STEP][PASSED] - com.helper.browserhelper.CustomBrowser.openRegisterPage(): com.helper.browserhelper.CustomBrowser.openRegisterPage is PASSED

2021-07-23 20:05:05 - [MESSAGE][INFO] - Starting 'Firefox' driver

2021-07-23 20:05:05 - [MESSAGE][INFO] - Action delay is set to 0 milliseconds

2021-07-23 20:05:20 - [MESSAGE][PASSED] - Browser is opened with url: 'https://dev-v2.serpwatch.io/login'

2021-07-23 20:05:20 - [MESSAGE][PASSED] - Current window maximized

2021-07-23 20:05:26 - [MESSAGE][PASSED] - Object: 'Object Repository/LoginPage/button_get_started' is clicked on

2021-07-23 20:05:26 - [MESSAGE][PASSED] - com.helper.browserhelper.CustomBrowser.openRegisterPage is PASSED

2021-07-23 20:05:26 - [TEST_STEP][PASSED] - waitForPageLoad(Timeout): Wait for page load successfully

2021-07-23 20:05:26 - [MESSAGE][PASSED] - Wait for page load successfully

2021-07-23 20:05:26 - [TEST_STEP][PASSED] - setText(findTestObject("RegisterPage/input_signup_name"), "aabbbccc"): Text 'aabbbccc' is set on object 'Object Repository/RegisterPage/input_signup_name'

2021-07-23 20:05:26 - [MESSAGE][PASSED] - Text 'aabbbccc' is set on object 'Object Repository/RegisterPage/input_signup_name'

2021-07-23 20:05:26 - [TEST_STEP][PASSED] - setText(findTestObject("RegisterPage/input_signup_email"), "aaa@gmail.com"): Text 'aaa@gmail.com' is set on object 'Object Repository/RegisterPage/input_signup_email'

2021-07-23 20:05:27 - [MESSAGE][PASSED] - Text 'aaa@gmail.com' is set on object 'Object Repository/RegisterPage/input_signup_email'

2021-07-23 20:05:27 - [TEST_STEP][PASSED] - setText(findTestObject("RegisterPage/input_signup_password"), "aaaaaa"): Text 'aaaaaa' is set on object 'Object Repository/RegisterPage/input_signup_password'

2021-07-23 20:05:28 - [MESSAGE][PASSED] - Text 'aaaaaa' is set on object 'Object Repository/RegisterPage/input_signup_password'

2021-07-23 20:05:28 - [TEST_STEP][PASSED] - setText(findTestObject("RegisterPage/input_signup_password_confirmation"), "aaaaaa"): Text 'aaaaaa' is set on object 'Object Repository/RegisterPage/input_signup_password_confirmation'

2021-07-23 20:05:29 - [MESSAGE][PASSED] - Text 'aaaaaa' is set on object 'Object Repository/RegisterPage/input_signup_password_confirmation'

2021-07-23 20:05:29 - [TEST_STEP][PASSED] - click(findTestObject("RegisterPage/button_register")): Object: 'Object Repository/RegisterPage/button_register' is clicked on

2021-07-23 20:05:30 - [MESSAGE][PASSED] - Object: 'Object Repository/RegisterPage/button_register' is clicked on

2021-07-23 20:05:30 - [TEST_STEP][PASSED] - waitForPageLoad(Timeout): Wait for page load successfully

2021-07-23 20:05:30 - [MESSAGE][PASSED] - Wait for page load successfully

2021-07-23 20:05:30 - [TEST_STEP][PASSED] - delay(3): Delayed 3 second(s)

2021-07-23 20:05:33 - [MESSAGE][PASSED] - Delayed 3 second(s)

2021-07-23 20:05:33 - [TEST_STEP][PASSED] - com.helper.browserhelper.CustomBrowser.closeBrowser(): com.helper.browserhelper.CustomBrowser.closeBrowser is PASSED

2021-07-23 20:05:35 - [MESSAGE][PASSED] - Browser is closed

2021-07-23 20:05:35 - [MESSAGE][PASSED] - com.helper.browserhelper.CustomBrowser.closeBrowser is PASSED]]></system-out>
         <system-err><![CDATA[]]></system-err>
      </testcase>
      <testcase name="Test Cases/RegisterAndLogin/Negative/TS-LGN-18-RegisterWithoutFillingPasswordConfFieldTestCase" time="32.987" classname="Test Cases/RegisterAndLogin/Negative/TS-LGN-18-RegisterWithoutFillingPasswordConfFieldTestCase" status="PASSED">
         <system-out><![CDATA[2021-07-23 20:05:35 - [TEST_CASE][PASSED] - Test Cases/RegisterAndLogin/Negative/TS-LGN-18-RegisterWithoutFillingPasswordConfFieldTestCase: Test Cases/RegisterAndLogin/Negative/TS-LGN-18-RegisterWithoutFillingPasswordConfFieldTestCase

2021-07-23 20:05:36 - [TEST_STEP][PASSED] - com.helper.browserhelper.CustomBrowser.openRegisterPage(): com.helper.browserhelper.CustomBrowser.openRegisterPage is PASSED

2021-07-23 20:05:36 - [MESSAGE][INFO] - Starting 'Firefox' driver

2021-07-23 20:05:36 - [MESSAGE][INFO] - Action delay is set to 0 milliseconds

2021-07-23 20:05:54 - [MESSAGE][PASSED] - Browser is opened with url: 'https://dev-v2.serpwatch.io/login'

2021-07-23 20:05:54 - [MESSAGE][PASSED] - Current window maximized

2021-07-23 20:05:59 - [MESSAGE][PASSED] - Object: 'Object Repository/LoginPage/button_get_started' is clicked on

2021-07-23 20:05:59 - [MESSAGE][PASSED] - com.helper.browserhelper.CustomBrowser.openRegisterPage is PASSED

2021-07-23 20:05:59 - [TEST_STEP][PASSED] - waitForPageLoad(Timeout): Wait for page load successfully

2021-07-23 20:05:59 - [MESSAGE][PASSED] - Wait for page load successfully

2021-07-23 20:05:59 - [TEST_STEP][PASSED] - setText(findTestObject("RegisterPage/input_signup_name"), "aabbbccc"): Text 'aabbbccc' is set on object 'Object Repository/RegisterPage/input_signup_name'

2021-07-23 20:06:00 - [MESSAGE][PASSED] - Text 'aabbbccc' is set on object 'Object Repository/RegisterPage/input_signup_name'

2021-07-23 20:06:00 - [TEST_STEP][PASSED] - setText(findTestObject("RegisterPage/input_signup_email"), "aaa@gmail.com"): Text 'aaa@gmail.com' is set on object 'Object Repository/RegisterPage/input_signup_email'

2021-07-23 20:06:01 - [MESSAGE][PASSED] - Text 'aaa@gmail.com' is set on object 'Object Repository/RegisterPage/input_signup_email'

2021-07-23 20:06:01 - [TEST_STEP][PASSED] - setText(findTestObject("RegisterPage/input_signup_password"), "aaaaaa"): Text 'aaaaaa' is set on object 'Object Repository/RegisterPage/input_signup_password'

2021-07-23 20:06:01 - [MESSAGE][PASSED] - Text 'aaaaaa' is set on object 'Object Repository/RegisterPage/input_signup_password'

2021-07-23 20:06:01 - [TEST_STEP][PASSED] - check(findTestObject("RegisterPage/checkbox_agreement")): Object 'Object Repository/RegisterPage/checkbox_agreement' is checked

2021-07-23 20:06:02 - [MESSAGE][PASSED] - Object 'Object Repository/RegisterPage/checkbox_agreement' is checked

2021-07-23 20:06:02 - [TEST_STEP][PASSED] - click(findTestObject("RegisterPage/button_register")): Object: 'Object Repository/RegisterPage/button_register' is clicked on

2021-07-23 20:06:03 - [MESSAGE][PASSED] - Object: 'Object Repository/RegisterPage/button_register' is clicked on

2021-07-23 20:06:03 - [TEST_STEP][PASSED] - waitForPageLoad(Timeout): Wait for page load successfully

2021-07-23 20:06:03 - [MESSAGE][PASSED] - Wait for page load successfully

2021-07-23 20:06:03 - [TEST_STEP][PASSED] - delay(3): Delayed 3 second(s)

2021-07-23 20:06:06 - [MESSAGE][PASSED] - Delayed 3 second(s)

2021-07-23 20:06:06 - [TEST_STEP][PASSED] - com.helper.browserhelper.CustomBrowser.closeBrowser(): com.helper.browserhelper.CustomBrowser.closeBrowser is PASSED

2021-07-23 20:06:08 - [MESSAGE][PASSED] - Browser is closed

2021-07-23 20:06:08 - [MESSAGE][PASSED] - com.helper.browserhelper.CustomBrowser.closeBrowser is PASSED]]></system-out>
         <system-err><![CDATA[]]></system-err>
      </testcase>
      <testcase name="Test Cases/RegisterAndLogin/Negative/TS-LGN-21-RegisterWithPasswordFieldEmptyTestCase" time="28.174" classname="Test Cases/RegisterAndLogin/Negative/TS-LGN-21-RegisterWithPasswordFieldEmptyTestCase" status="PASSED">
         <system-out><![CDATA[2021-07-23 20:06:08 - [TEST_CASE][PASSED] - Test Cases/RegisterAndLogin/Negative/TS-LGN-21-RegisterWithPasswordFieldEmptyTestCase: Test Cases/RegisterAndLogin/Negative/TS-LGN-21-RegisterWithPasswordFieldEmptyTestCase

2021-07-23 20:06:09 - [TEST_STEP][PASSED] - com.helper.browserhelper.CustomBrowser.openRegisterPage(): com.helper.browserhelper.CustomBrowser.openRegisterPage is PASSED

2021-07-23 20:06:09 - [MESSAGE][INFO] - Starting 'Firefox' driver

2021-07-23 20:06:09 - [MESSAGE][INFO] - Action delay is set to 0 milliseconds

2021-07-23 20:06:23 - [MESSAGE][PASSED] - Browser is opened with url: 'https://dev-v2.serpwatch.io/login'

2021-07-23 20:06:23 - [MESSAGE][PASSED] - Current window maximized

2021-07-23 20:06:28 - [MESSAGE][PASSED] - Object: 'Object Repository/LoginPage/button_get_started' is clicked on

2021-07-23 20:06:28 - [MESSAGE][PASSED] - com.helper.browserhelper.CustomBrowser.openRegisterPage is PASSED

2021-07-23 20:06:28 - [TEST_STEP][PASSED] - waitForPageLoad(Timeout): Wait for page load successfully

2021-07-23 20:06:28 - [MESSAGE][PASSED] - Wait for page load successfully

2021-07-23 20:06:28 - [TEST_STEP][PASSED] - setText(findTestObject("RegisterPage/input_signup_name"), "aabbbccc"): Text 'aabbbccc' is set on object 'Object Repository/RegisterPage/input_signup_name'

2021-07-23 20:06:29 - [MESSAGE][PASSED] - Text 'aabbbccc' is set on object 'Object Repository/RegisterPage/input_signup_name'

2021-07-23 20:06:29 - [TEST_STEP][PASSED] - setText(findTestObject("RegisterPage/input_signup_email"), "aaa@gmail.com"): Text 'aaa@gmail.com' is set on object 'Object Repository/RegisterPage/input_signup_email'

2021-07-23 20:06:29 - [MESSAGE][PASSED] - Text 'aaa@gmail.com' is set on object 'Object Repository/RegisterPage/input_signup_email'

2021-07-23 20:06:29 - [TEST_STEP][PASSED] - setText(findTestObject("RegisterPage/input_signup_password_confirmation"), "aaaaaa"): Text 'aaaaaa' is set on object 'Object Repository/RegisterPage/input_signup_password_confirmation'

2021-07-23 20:06:30 - [MESSAGE][PASSED] - Text 'aaaaaa' is set on object 'Object Repository/RegisterPage/input_signup_password_confirmation'

2021-07-23 20:06:30 - [TEST_STEP][PASSED] - check(findTestObject("RegisterPage/checkbox_agreement")): Object 'Object Repository/RegisterPage/checkbox_agreement' is checked

2021-07-23 20:06:31 - [MESSAGE][PASSED] - Object 'Object Repository/RegisterPage/checkbox_agreement' is checked

2021-07-23 20:06:31 - [TEST_STEP][PASSED] - click(findTestObject("RegisterPage/button_register")): Object: 'Object Repository/RegisterPage/button_register' is clicked on

2021-07-23 20:06:32 - [MESSAGE][PASSED] - Object: 'Object Repository/RegisterPage/button_register' is clicked on

2021-07-23 20:06:32 - [TEST_STEP][PASSED] - waitForPageLoad(Timeout): Wait for page load successfully

2021-07-23 20:06:32 - [MESSAGE][PASSED] - Wait for page load successfully

2021-07-23 20:06:32 - [TEST_STEP][PASSED] - delay(3): Delayed 3 second(s)

2021-07-23 20:06:35 - [MESSAGE][PASSED] - Delayed 3 second(s)

2021-07-23 20:06:35 - [TEST_STEP][PASSED] - com.helper.browserhelper.CustomBrowser.closeBrowser(): com.helper.browserhelper.CustomBrowser.closeBrowser is PASSED

2021-07-23 20:06:36 - [MESSAGE][PASSED] - Browser is closed

2021-07-23 20:06:36 - [MESSAGE][PASSED] - com.helper.browserhelper.CustomBrowser.closeBrowser is PASSED]]></system-out>
         <system-err><![CDATA[]]></system-err>
      </testcase>
      <testcase name="Test Cases/RegisterAndLogin/Negative/TS-LGN-13-RegisterWithPasswordUnder6CharactersTestCase" time="34.871" classname="Test Cases/RegisterAndLogin/Negative/TS-LGN-13-RegisterWithPasswordUnder6CharactersTestCase" status="PASSED">
         <system-out><![CDATA[2021-07-23 20:06:36 - [TEST_CASE][PASSED] - Test Cases/RegisterAndLogin/Negative/TS-LGN-13-RegisterWithPasswordUnder6CharactersTestCase: Test Cases/RegisterAndLogin/Negative/TS-LGN-13-RegisterWithPasswordUnder6CharactersTestCase

2021-07-23 20:06:37 - [TEST_STEP][PASSED] - com.helper.browserhelper.CustomBrowser.openRegisterPage(): com.helper.browserhelper.CustomBrowser.openRegisterPage is PASSED

2021-07-23 20:06:37 - [MESSAGE][INFO] - Starting 'Firefox' driver

2021-07-23 20:06:37 - [MESSAGE][INFO] - Action delay is set to 0 milliseconds

2021-07-23 20:06:51 - [MESSAGE][PASSED] - Browser is opened with url: 'https://dev-v2.serpwatch.io/login'

2021-07-23 20:06:51 - [MESSAGE][PASSED] - Current window maximized

2021-07-23 20:06:56 - [MESSAGE][PASSED] - Object: 'Object Repository/LoginPage/button_get_started' is clicked on

2021-07-23 20:06:56 - [MESSAGE][PASSED] - com.helper.browserhelper.CustomBrowser.openRegisterPage is PASSED

2021-07-23 20:06:56 - [TEST_STEP][PASSED] - waitForPageLoad(Timeout): Wait for page load successfully

2021-07-23 20:06:56 - [MESSAGE][PASSED] - Wait for page load successfully

2021-07-23 20:06:56 - [TEST_STEP][PASSED] - setText(findTestObject("RegisterPage/input_signup_name"), "aabbbccc"): Text 'aabbbccc' is set on object 'Object Repository/RegisterPage/input_signup_name'

2021-07-23 20:06:57 - [MESSAGE][PASSED] - Text 'aabbbccc' is set on object 'Object Repository/RegisterPage/input_signup_name'

2021-07-23 20:06:57 - [TEST_STEP][PASSED] - setText(findTestObject("RegisterPage/input_signup_email"), "aaa@gmail.com"): Text 'aaa@gmail.com' is set on object 'Object Repository/RegisterPage/input_signup_email'

2021-07-23 20:06:58 - [MESSAGE][PASSED] - Text 'aaa@gmail.com' is set on object 'Object Repository/RegisterPage/input_signup_email'

2021-07-23 20:06:58 - [TEST_STEP][PASSED] - setText(findTestObject("RegisterPage/input_signup_password"), "aaa"): Text 'aaa' is set on object 'Object Repository/RegisterPage/input_signup_password'

2021-07-23 20:06:59 - [MESSAGE][PASSED] - Text 'aaa' is set on object 'Object Repository/RegisterPage/input_signup_password'

2021-07-23 20:06:59 - [TEST_STEP][PASSED] - setText(findTestObject("RegisterPage/input_signup_password_confirmation"), "aaa"): Text 'aaa' is set on object 'Object Repository/RegisterPage/input_signup_password_confirmation'

2021-07-23 20:07:00 - [MESSAGE][PASSED] - Text 'aaa' is set on object 'Object Repository/RegisterPage/input_signup_password_confirmation'

2021-07-23 20:07:00 - [TEST_STEP][PASSED] - check(findTestObject("RegisterPage/checkbox_agreement")): Object 'Object Repository/RegisterPage/checkbox_agreement' is checked

2021-07-23 20:07:00 - [MESSAGE][PASSED] - Object 'Object Repository/RegisterPage/checkbox_agreement' is checked

2021-07-23 20:07:00 - [TEST_STEP][PASSED] - click(findTestObject("RegisterPage/button_register")): Object: 'Object Repository/RegisterPage/button_register' is clicked on

2021-07-23 20:07:06 - [MESSAGE][PASSED] - Object: 'Object Repository/RegisterPage/button_register' is clicked on

2021-07-23 20:07:06 - [TEST_STEP][PASSED] - waitForPageLoad(Timeout): Wait for page load successfully

2021-07-23 20:07:06 - [MESSAGE][PASSED] - Wait for page load successfully

2021-07-23 20:07:06 - [TEST_STEP][PASSED] - delay(3): Delayed 3 second(s)

2021-07-23 20:07:09 - [MESSAGE][PASSED] - Delayed 3 second(s)

2021-07-23 20:07:09 - [TEST_STEP][PASSED] - com.helper.browserhelper.CustomBrowser.closeBrowser(): com.helper.browserhelper.CustomBrowser.closeBrowser is PASSED

2021-07-23 20:07:11 - [MESSAGE][PASSED] - Browser is closed

2021-07-23 20:07:11 - [MESSAGE][PASSED] - com.helper.browserhelper.CustomBrowser.closeBrowser is PASSED]]></system-out>
         <system-err><![CDATA[]]></system-err>
      </testcase>
      <testcase name="Test Cases/RegisterAndLogin/Negative/TS-LGN-12-RegisterWithWrongEmailFormatTestCase" time="29.308" classname="Test Cases/RegisterAndLogin/Negative/TS-LGN-12-RegisterWithWrongEmailFormatTestCase" status="PASSED">
         <system-out><![CDATA[2021-07-23 20:07:11 - [TEST_CASE][PASSED] - Test Cases/RegisterAndLogin/Negative/TS-LGN-12-RegisterWithWrongEmailFormatTestCase: Test Cases/RegisterAndLogin/Negative/TS-LGN-12-RegisterWithWrongEmailFormatTestCase

2021-07-23 20:07:12 - [TEST_STEP][PASSED] - com.helper.browserhelper.CustomBrowser.openRegisterPage(): com.helper.browserhelper.CustomBrowser.openRegisterPage is PASSED

2021-07-23 20:07:12 - [MESSAGE][INFO] - Starting 'Firefox' driver

2021-07-23 20:07:12 - [MESSAGE][INFO] - Action delay is set to 0 milliseconds

2021-07-23 20:07:24 - [MESSAGE][PASSED] - Browser is opened with url: 'https://dev-v2.serpwatch.io/login'

2021-07-23 20:07:24 - [MESSAGE][PASSED] - Current window maximized

2021-07-23 20:07:30 - [MESSAGE][PASSED] - Object: 'Object Repository/LoginPage/button_get_started' is clicked on

2021-07-23 20:07:30 - [MESSAGE][PASSED] - com.helper.browserhelper.CustomBrowser.openRegisterPage is PASSED

2021-07-23 20:07:30 - [TEST_STEP][PASSED] - waitForPageLoad(Timeout): Wait for page load successfully

2021-07-23 20:07:30 - [MESSAGE][PASSED] - Wait for page load successfully

2021-07-23 20:07:30 - [TEST_STEP][PASSED] - setText(findTestObject("RegisterPage/input_signup_name"), "aabbbccc"): Text 'aabbbccc' is set on object 'Object Repository/RegisterPage/input_signup_name'

2021-07-23 20:07:31 - [MESSAGE][PASSED] - Text 'aabbbccc' is set on object 'Object Repository/RegisterPage/input_signup_name'

2021-07-23 20:07:31 - [TEST_STEP][PASSED] - setText(findTestObject("RegisterPage/input_signup_email"), "aaabc"): Text 'aaabc' is set on object 'Object Repository/RegisterPage/input_signup_email'

2021-07-23 20:07:32 - [MESSAGE][PASSED] - Text 'aaabc' is set on object 'Object Repository/RegisterPage/input_signup_email'

2021-07-23 20:07:32 - [TEST_STEP][PASSED] - setText(findTestObject("RegisterPage/input_signup_password"), "aaabbb"): Text 'aaabbb' is set on object 'Object Repository/RegisterPage/input_signup_password'

2021-07-23 20:07:33 - [MESSAGE][PASSED] - Text 'aaabbb' is set on object 'Object Repository/RegisterPage/input_signup_password'

2021-07-23 20:07:33 - [TEST_STEP][PASSED] - setText(findTestObject("RegisterPage/input_signup_password_confirmation"), "aaabbb"): Text 'aaabbb' is set on object 'Object Repository/RegisterPage/input_signup_password_confirmation'

2021-07-23 20:07:34 - [MESSAGE][PASSED] - Text 'aaabbb' is set on object 'Object Repository/RegisterPage/input_signup_password_confirmation'

2021-07-23 20:07:34 - [TEST_STEP][PASSED] - check(findTestObject("RegisterPage/checkbox_agreement")): Object 'Object Repository/RegisterPage/checkbox_agreement' is checked

2021-07-23 20:07:34 - [MESSAGE][PASSED] - Object 'Object Repository/RegisterPage/checkbox_agreement' is checked

2021-07-23 20:07:34 - [TEST_STEP][PASSED] - click(findTestObject("RegisterPage/button_register")): Object: 'Object Repository/RegisterPage/button_register' is clicked on

2021-07-23 20:07:35 - [MESSAGE][PASSED] - Object: 'Object Repository/RegisterPage/button_register' is clicked on

2021-07-23 20:07:35 - [TEST_STEP][PASSED] - waitForPageLoad(Timeout): Wait for page load successfully

2021-07-23 20:07:35 - [MESSAGE][PASSED] - Wait for page load successfully

2021-07-23 20:07:35 - [TEST_STEP][PASSED] - delay(3): Delayed 3 second(s)

2021-07-23 20:07:38 - [MESSAGE][PASSED] - Delayed 3 second(s)

2021-07-23 20:07:38 - [TEST_STEP][PASSED] - com.helper.browserhelper.CustomBrowser.closeBrowser(): com.helper.browserhelper.CustomBrowser.closeBrowser is PASSED

2021-07-23 20:07:41 - [MESSAGE][PASSED] - Browser is closed

2021-07-23 20:07:41 - [MESSAGE][PASSED] - com.helper.browserhelper.CustomBrowser.closeBrowser is PASSED]]></system-out>
         <system-err><![CDATA[]]></system-err>
      </testcase>
      <testcase name="Test Cases/Create Project/Negative/TS-CPR-27-CreateProjectAndClickAddCompetitorButDoNotFillFieldTestCase" time="74.638" classname="Test Cases/Create Project/Negative/TS-CPR-27-CreateProjectAndClickAddCompetitorButDoNotFillFieldTestCase" status="PASSED">
         <system-out><![CDATA[2021-07-23 20:07:41 - [TEST_CASE][PASSED] - Test Cases/Create Project/Negative/TS-CPR-27-CreateProjectAndClickAddCompetitorButDoNotFillFieldTestCase: Test Cases/Create Project/Negative/TS-CPR-27-CreateProjectAndClickAddCompetitorButDoNotFillFieldTestCase

2021-07-23 20:07:41 - [TEST_STEP][PASSED] - com.helper.browserhelper.CustomBrowser.login(): com.helper.browserhelper.CustomBrowser.login is PASSED

2021-07-23 20:07:41 - [MESSAGE][INFO] - Starting 'Firefox' driver

2021-07-23 20:07:41 - [MESSAGE][INFO] - Action delay is set to 0 milliseconds

2021-07-23 20:07:56 - [MESSAGE][PASSED] - Browser is opened with url: 'https://dev-v2.serpwatch.io/login'

2021-07-23 20:07:56 - [MESSAGE][PASSED] - Wait for page load successfully

2021-07-23 20:07:56 - [MESSAGE][PASSED] - Current window maximized

2021-07-23 20:07:57 - [MESSAGE][PASSED] - Wait for page load successfully

2021-07-23 20:07:57 - [MESSAGE][PASSED] - Keys 'ayatullah.arul@gmail.com' sent to object: 'Object Repository/LoginPage/input_sign in_email'

2021-07-23 20:07:57 - [MESSAGE][PASSED] - Keys 'aaa101' sent to object: 'Object Repository/LoginPage/input_sign in_password'

2021-07-23 20:08:05 - [MESSAGE][PASSED] - Object: 'Object Repository/LoginPage/button_login' is clicked on

2021-07-23 20:08:05 - [MESSAGE][PASSED] - Wait for page load successfully

2021-07-23 20:08:05 - [MESSAGE][PASSED] - com.helper.browserhelper.CustomBrowser.login is PASSED

2021-07-23 20:08:05 - [TEST_STEP][PASSED] - click(findTestObject("CreateNewProject/button_add_project")): Object: 'Object Repository/CreateNewProject/button_add_project' is clicked on

2021-07-23 20:08:27 - [MESSAGE][PASSED] - Object: 'Object Repository/CreateNewProject/button_add_project' is clicked on

2021-07-23 20:08:27 - [TEST_STEP][PASSED] - waitForElementVisible(findTestObject("CreateNewProject/popup_frame_choose_ project_type_domain_or_youtube"), Timeout): Object 'Object Repository/CreateNewProject/popup_frame_choose_ project_type_domain_or_youtube' is visible

2021-07-23 20:08:28 - [MESSAGE][PASSED] - Object 'Object Repository/CreateNewProject/popup_frame_choose_ project_type_domain_or_youtube' is visible

2021-07-23 20:08:28 - [TEST_STEP][PASSED] - click(findTestObject("CreateNewProject/button_domain")): Object: 'Object Repository/CreateNewProject/button_domain' is clicked on

2021-07-23 20:08:28 - [MESSAGE][PASSED] - Object: 'Object Repository/CreateNewProject/button_domain' is clicked on

2021-07-23 20:08:28 - [TEST_STEP][PASSED] - waitForElementPresent(findTestObject("CreateNewProject/FormPage_1/input_project_name"), Timeout): Object 'Object Repository/CreateNewProject/FormPage_1/input_project_name' is present

2021-07-23 20:08:31 - [MESSAGE][PASSED] - Object 'Object Repository/CreateNewProject/FormPage_1/input_project_name' is present

2021-07-23 20:08:31 - [TEST_STEP][PASSED] - setText(findTestObject("CreateNewProject/FormPage_1/input_project_name"), "Sample project"): Text 'Sample project' is set on object 'Object Repository/CreateNewProject/FormPage_1/input_project_name'

2021-07-23 20:08:39 - [MESSAGE][PASSED] - Text 'Sample project' is set on object 'Object Repository/CreateNewProject/FormPage_1/input_project_name'

2021-07-23 20:08:39 - [TEST_STEP][PASSED] - setText(findTestObject("CreateNewProject/FormPage_1/input_domain_name"), "detik.com"): Text 'detik.com' is set on object 'Object Repository/CreateNewProject/FormPage_1/input_domain_name'

2021-07-23 20:08:40 - [MESSAGE][PASSED] - Text 'detik.com' is set on object 'Object Repository/CreateNewProject/FormPage_1/input_domain_name'

2021-07-23 20:08:40 - [TEST_STEP][PASSED] - click(findTestObject("CreateNewProject/FormPage_1/button_add_competitor")): Object: 'Object Repository/CreateNewProject/FormPage_1/button_add_competitor' is clicked on

2021-07-23 20:08:41 - [MESSAGE][PASSED] - Object: 'Object Repository/CreateNewProject/FormPage_1/button_add_competitor' is clicked on

2021-07-23 20:08:41 - [TEST_STEP][PASSED] - setText(findTestObject("CreateNewProject/FormPage_1/input_add_your_keyword"), "politik"): Text 'politik' is set on object 'Object Repository/CreateNewProject/FormPage_1/input_add_your_keyword'

2021-07-23 20:08:41 - [MESSAGE][PASSED] - Text 'politik' is set on object 'Object Repository/CreateNewProject/FormPage_1/input_add_your_keyword'

2021-07-23 20:08:41 - [TEST_STEP][PASSED] - setText(findTestObject("CreateNewProject/FormPage_1/input_keyword_suggestions"), "partai"): Text 'partai' is set on object 'Object Repository/CreateNewProject/FormPage_1/input_keyword_suggestions'

2021-07-23 20:08:42 - [MESSAGE][PASSED] - Text 'partai' is set on object 'Object Repository/CreateNewProject/FormPage_1/input_keyword_suggestions'

2021-07-23 20:08:42 - [TEST_STEP][PASSED] - click(findTestObject("CreateNewProject/FormPage_1/button_next")): Object: 'Object Repository/CreateNewProject/FormPage_1/button_next' is clicked on

2021-07-23 20:08:44 - [MESSAGE][PASSED] - Object: 'Object Repository/CreateNewProject/FormPage_1/button_next' is clicked on

2021-07-23 20:08:44 - [TEST_STEP][PASSED] - waitForPageLoad(Timeout): Wait for page load successfully

2021-07-23 20:08:44 - [MESSAGE][PASSED] - Wait for page load successfully

2021-07-23 20:08:44 - [TEST_STEP][PASSED] - focus(findTestObject("CreateNewProject/FormPage_1/input_domain_name")): Object: 'Object Repository/CreateNewProject/FormPage_1/input_domain_name' is focused

2021-07-23 20:08:45 - [MESSAGE][PASSED] - Object: 'Object Repository/CreateNewProject/FormPage_1/input_domain_name' is focused

2021-07-23 20:08:45 - [TEST_STEP][PASSED] - delay(7): Delayed 7 second(s)

2021-07-23 20:08:52 - [MESSAGE][PASSED] - Delayed 7 second(s)

2021-07-23 20:08:52 - [TEST_STEP][PASSED] - com.helper.browserhelper.CustomBrowser.closeBrowser(): com.helper.browserhelper.CustomBrowser.closeBrowser is PASSED

2021-07-23 20:08:55 - [MESSAGE][PASSED] - Browser is closed

2021-07-23 20:08:55 - [MESSAGE][PASSED] - com.helper.browserhelper.CustomBrowser.closeBrowser is PASSED]]></system-out>
         <system-err><![CDATA[]]></system-err>
      </testcase>
      <testcase name="Test Cases/Create Project/Negative/TS-CPR-33-CreateProjectThatIsGoingOverTheChecksLimitOfTheUsersPlanTestCase" time="51.724" classname="Test Cases/Create Project/Negative/TS-CPR-33-CreateProjectThatIsGoingOverTheChecksLimitOfTheUsersPlanTestCase" status="PASSED">
         <system-out><![CDATA[2021-07-23 20:08:55 - [TEST_CASE][PASSED] - Test Cases/Create Project/Negative/TS-CPR-33-CreateProjectThatIsGoingOverTheChecksLimitOfTheUsersPlanTestCase: Test Cases/Create Project/Negative/TS-CPR-33-CreateProjectThatIsGoingOverTheChecksLimitOfTheUsersPlanTestCase

2021-07-23 20:08:56 - [TEST_STEP][PASSED] - com.helper.browserhelper.CustomBrowser.login(): com.helper.browserhelper.CustomBrowser.login is PASSED

2021-07-23 20:08:56 - [MESSAGE][INFO] - Starting 'Firefox' driver

2021-07-23 20:08:56 - [MESSAGE][INFO] - Action delay is set to 0 milliseconds

2021-07-23 20:09:11 - [MESSAGE][PASSED] - Browser is opened with url: 'https://dev-v2.serpwatch.io/login'

2021-07-23 20:09:11 - [MESSAGE][PASSED] - Wait for page load successfully

2021-07-23 20:09:11 - [MESSAGE][PASSED] - Current window maximized

2021-07-23 20:09:11 - [MESSAGE][PASSED] - Wait for page load successfully

2021-07-23 20:09:12 - [MESSAGE][PASSED] - Keys 'ayatullah.arul@gmail.com' sent to object: 'Object Repository/LoginPage/input_sign in_email'

2021-07-23 20:09:12 - [MESSAGE][PASSED] - Keys 'aaa101' sent to object: 'Object Repository/LoginPage/input_sign in_password'

2021-07-23 20:09:21 - [MESSAGE][PASSED] - Object: 'Object Repository/LoginPage/button_login' is clicked on

2021-07-23 20:09:21 - [MESSAGE][PASSED] - Wait for page load successfully

2021-07-23 20:09:21 - [MESSAGE][PASSED] - com.helper.browserhelper.CustomBrowser.login is PASSED

2021-07-23 20:09:21 - [TEST_STEP][PASSED] - click(findTestObject("CreateNewProject/button_add_project")): Object: 'Object Repository/CreateNewProject/button_add_project' is clicked on

2021-07-23 20:09:23 - [MESSAGE][PASSED] - Object: 'Object Repository/CreateNewProject/button_add_project' is clicked on

2021-07-23 20:09:23 - [TEST_STEP][PASSED] - waitForElementVisible(findTestObject("CreateNewProject/popup_frame_choose_ project_type_domain_or_youtube"), Timeout): Object 'Object Repository/CreateNewProject/popup_frame_choose_ project_type_domain_or_youtube' is visible

2021-07-23 20:09:23 - [MESSAGE][PASSED] - Object 'Object Repository/CreateNewProject/popup_frame_choose_ project_type_domain_or_youtube' is visible

2021-07-23 20:09:23 - [TEST_STEP][PASSED] - click(findTestObject("CreateNewProject/button_domain")): Object: 'Object Repository/CreateNewProject/button_domain' is clicked on

2021-07-23 20:09:24 - [MESSAGE][PASSED] - Object: 'Object Repository/CreateNewProject/button_domain' is clicked on

2021-07-23 20:09:24 - [TEST_STEP][PASSED] - waitForElementPresent(findTestObject("CreateNewProject/popup_window_creating_project"), Timeout): Object 'Object Repository/CreateNewProject/popup_window_creating_project' is present

2021-07-23 20:09:27 - [MESSAGE][PASSED] - Object 'Object Repository/CreateNewProject/popup_window_creating_project' is present

2021-07-23 20:09:27 - [TEST_STEP][PASSED] - setText(findTestObject("CreateNewProject/FormPage_1/input_domain_name"), "detik.com"): Text 'detik.com' is set on object 'Object Repository/CreateNewProject/FormPage_1/input_domain_name'

2021-07-23 20:09:37 - [MESSAGE][PASSED] - Text 'detik.com' is set on object 'Object Repository/CreateNewProject/FormPage_1/input_domain_name'

2021-07-23 20:09:37 - [TEST_STEP][PASSED] - waitForElementVisible(findTestObject("CreateNewProject/FormPage_1/input_add_your_keyword"), Timeout): Object 'Object Repository/CreateNewProject/FormPage_1/input_add_your_keyword' is visible

2021-07-23 20:09:38 - [MESSAGE][PASSED] - Object 'Object Repository/CreateNewProject/FormPage_1/input_add_your_keyword' is visible

2021-07-23 20:09:38 - [TEST_STEP][PASSED] - setText(findTestObject("CreateNewProject/FormPage_1/input_add_your_keyword"), "politik"): Text 'politik' is set on object 'Object Repository/CreateNewProject/FormPage_1/input_add_your_keyword'

2021-07-23 20:09:40 - [MESSAGE][PASSED] - Text 'politik' is set on object 'Object Repository/CreateNewProject/FormPage_1/input_add_your_keyword'

2021-07-23 20:09:40 - [TEST_STEP][PASSED] - setText(findTestObject("CreateNewProject/FormPage_1/input_keyword_suggestions"), "partai"): Text 'partai' is set on object 'Object Repository/CreateNewProject/FormPage_1/input_keyword_suggestions'

2021-07-23 20:09:41 - [MESSAGE][PASSED] - Text 'partai' is set on object 'Object Repository/CreateNewProject/FormPage_1/input_keyword_suggestions'

2021-07-23 20:09:41 - [TEST_STEP][PASSED] - click(findTestObject("CreateNewProject/FormPage_1/button_next")): Object: 'Object Repository/CreateNewProject/FormPage_1/button_next' is clicked on

2021-07-23 20:09:41 - [MESSAGE][PASSED] - Object: 'Object Repository/CreateNewProject/FormPage_1/button_next' is clicked on

2021-07-23 20:09:41 - [TEST_STEP][PASSED] - delay(3): Delayed 3 second(s)

2021-07-23 20:09:44 - [MESSAGE][PASSED] - Delayed 3 second(s)

2021-07-23 20:09:44 - [TEST_STEP][PASSED] - com.helper.browserhelper.CustomBrowser.closeBrowser(): com.helper.browserhelper.CustomBrowser.closeBrowser is PASSED

2021-07-23 20:09:47 - [MESSAGE][PASSED] - Browser is closed

2021-07-23 20:09:47 - [MESSAGE][PASSED] - com.helper.browserhelper.CustomBrowser.closeBrowser is PASSED]]></system-out>
         <system-err><![CDATA[]]></system-err>
      </testcase>
      <testcase name="Test Cases/Create Project/Negative/TS-CPR-30-CreateProjectUsingInvalidDomainFormatInDomainFieldTestCase" time="65.202" classname="Test Cases/Create Project/Negative/TS-CPR-30-CreateProjectUsingInvalidDomainFormatInDomainFieldTestCase" status="PASSED">
         <system-out><![CDATA[2021-07-23 20:09:47 - [TEST_CASE][PASSED] - Test Cases/Create Project/Negative/TS-CPR-30-CreateProjectUsingInvalidDomainFormatInDomainFieldTestCase: Test Cases/Create Project/Negative/TS-CPR-30-CreateProjectUsingInvalidDomainFormatInDomainFieldTestCase

2021-07-23 20:09:47 - [TEST_STEP][PASSED] - com.helper.browserhelper.CustomBrowser.login(): com.helper.browserhelper.CustomBrowser.login is PASSED

2021-07-23 20:09:47 - [MESSAGE][INFO] - Starting 'Firefox' driver

2021-07-23 20:09:47 - [MESSAGE][INFO] - Action delay is set to 0 milliseconds

2021-07-23 20:10:03 - [MESSAGE][PASSED] - Browser is opened with url: 'https://dev-v2.serpwatch.io/login'

2021-07-23 20:10:03 - [MESSAGE][PASSED] - Wait for page load successfully

2021-07-23 20:10:03 - [MESSAGE][PASSED] - Current window maximized

2021-07-23 20:10:03 - [MESSAGE][PASSED] - Wait for page load successfully

2021-07-23 20:10:03 - [MESSAGE][PASSED] - Keys 'ayatullah.arul@gmail.com' sent to object: 'Object Repository/LoginPage/input_sign in_email'

2021-07-23 20:10:03 - [MESSAGE][PASSED] - Keys 'aaa101' sent to object: 'Object Repository/LoginPage/input_sign in_password'

2021-07-23 20:10:10 - [MESSAGE][PASSED] - Object: 'Object Repository/LoginPage/button_login' is clicked on

2021-07-23 20:10:10 - [MESSAGE][PASSED] - Wait for page load successfully

2021-07-23 20:10:10 - [MESSAGE][PASSED] - com.helper.browserhelper.CustomBrowser.login is PASSED

2021-07-23 20:10:10 - [TEST_STEP][PASSED] - click(findTestObject("CreateNewProject/button_add_project")): Object: 'Object Repository/CreateNewProject/button_add_project' is clicked on

2021-07-23 20:10:30 - [MESSAGE][PASSED] - Object: 'Object Repository/CreateNewProject/button_add_project' is clicked on

2021-07-23 20:10:30 - [TEST_STEP][PASSED] - waitForElementVisible(findTestObject("CreateNewProject/popup_frame_choose_ project_type_domain_or_youtube"), Timeout): Object 'Object Repository/CreateNewProject/popup_frame_choose_ project_type_domain_or_youtube' is visible

2021-07-23 20:10:30 - [MESSAGE][PASSED] - Object 'Object Repository/CreateNewProject/popup_frame_choose_ project_type_domain_or_youtube' is visible

2021-07-23 20:10:30 - [TEST_STEP][PASSED] - click(findTestObject("CreateNewProject/button_domain")): Object: 'Object Repository/CreateNewProject/button_domain' is clicked on

2021-07-23 20:10:31 - [MESSAGE][PASSED] - Object: 'Object Repository/CreateNewProject/button_domain' is clicked on

2021-07-23 20:10:31 - [TEST_STEP][PASSED] - waitForElementPresent(findTestObject("CreateNewProject/popup_window_creating_project"), Timeout): Object 'Object Repository/CreateNewProject/popup_window_creating_project' is present

2021-07-23 20:10:33 - [MESSAGE][PASSED] - Object 'Object Repository/CreateNewProject/popup_window_creating_project' is present

2021-07-23 20:10:33 - [TEST_STEP][PASSED] - setText(findTestObject("CreateNewProject/FormPage_1/input_domain_name"), "detik.com"): Text 'detik.com' is set on object 'Object Repository/CreateNewProject/FormPage_1/input_domain_name'

2021-07-23 20:10:44 - [MESSAGE][PASSED] - Text 'detik.com' is set on object 'Object Repository/CreateNewProject/FormPage_1/input_domain_name'

2021-07-23 20:10:44 - [TEST_STEP][PASSED] - waitForElementVisible(findTestObject("CreateNewProject/FormPage_1/input_add_your_keyword"), Timeout): Object 'Object Repository/CreateNewProject/FormPage_1/input_add_your_keyword' is visible

2021-07-23 20:10:45 - [MESSAGE][PASSED] - Object 'Object Repository/CreateNewProject/FormPage_1/input_add_your_keyword' is visible

2021-07-23 20:10:45 - [TEST_STEP][PASSED] - setText(findTestObject("CreateNewProject/FormPage_1/input_add_your_keyword"), "politik"): Text 'politik' is set on object 'Object Repository/CreateNewProject/FormPage_1/input_add_your_keyword'

2021-07-23 20:10:46 - [MESSAGE][PASSED] - Text 'politik' is set on object 'Object Repository/CreateNewProject/FormPage_1/input_add_your_keyword'

2021-07-23 20:10:46 - [TEST_STEP][PASSED] - setText(findTestObject("CreateNewProject/FormPage_1/input_keyword_suggestions"), "partai"): Text 'partai' is set on object 'Object Repository/CreateNewProject/FormPage_1/input_keyword_suggestions'

2021-07-23 20:10:46 - [MESSAGE][PASSED] - Text 'partai' is set on object 'Object Repository/CreateNewProject/FormPage_1/input_keyword_suggestions'

2021-07-23 20:10:46 - [TEST_STEP][PASSED] - click(findTestObject("CreateNewProject/FormPage_1/button_next")): Object: 'Object Repository/CreateNewProject/FormPage_1/button_next' is clicked on

2021-07-23 20:10:47 - [MESSAGE][PASSED] - Object: 'Object Repository/CreateNewProject/FormPage_1/button_next' is clicked on

2021-07-23 20:10:47 - [TEST_STEP][PASSED] - delay(3): Delayed 3 second(s)

2021-07-23 20:10:50 - [MESSAGE][PASSED] - Delayed 3 second(s)

2021-07-23 20:10:50 - [TEST_STEP][PASSED] - com.helper.browserhelper.CustomBrowser.closeBrowser(): com.helper.browserhelper.CustomBrowser.closeBrowser is PASSED

2021-07-23 20:10:52 - [MESSAGE][PASSED] - Browser is closed

2021-07-23 20:10:52 - [MESSAGE][PASSED] - com.helper.browserhelper.CustomBrowser.closeBrowser is PASSED]]></system-out>
         <system-err><![CDATA[]]></system-err>
      </testcase>
      <testcase name="Test Cases/Create Project/Negative/TS-CPR-31-CreateProjectWithKeywordLessThan2CharactersTestCase" time="48.397" classname="Test Cases/Create Project/Negative/TS-CPR-31-CreateProjectWithKeywordLessThan2CharactersTestCase" status="PASSED">
         <system-out><![CDATA[2021-07-23 20:10:52 - [TEST_CASE][PASSED] - Test Cases/Create Project/Negative/TS-CPR-31-CreateProjectWithKeywordLessThan2CharactersTestCase: Test Cases/Create Project/Negative/TS-CPR-31-CreateProjectWithKeywordLessThan2CharactersTestCase

2021-07-23 20:10:53 - [TEST_STEP][PASSED] - com.helper.browserhelper.CustomBrowser.login(): com.helper.browserhelper.CustomBrowser.login is PASSED

2021-07-23 20:10:53 - [MESSAGE][INFO] - Starting 'Firefox' driver

2021-07-23 20:10:53 - [MESSAGE][INFO] - Action delay is set to 0 milliseconds

2021-07-23 20:11:07 - [MESSAGE][PASSED] - Browser is opened with url: 'https://dev-v2.serpwatch.io/login'

2021-07-23 20:11:07 - [MESSAGE][PASSED] - Wait for page load successfully

2021-07-23 20:11:07 - [MESSAGE][PASSED] - Current window maximized

2021-07-23 20:11:07 - [MESSAGE][PASSED] - Wait for page load successfully

2021-07-23 20:11:08 - [MESSAGE][PASSED] - Keys 'ayatullah.arul@gmail.com' sent to object: 'Object Repository/LoginPage/input_sign in_email'

2021-07-23 20:11:08 - [MESSAGE][PASSED] - Keys 'aaa101' sent to object: 'Object Repository/LoginPage/input_sign in_password'

2021-07-23 20:11:17 - [MESSAGE][PASSED] - Object: 'Object Repository/LoginPage/button_login' is clicked on

2021-07-23 20:11:17 - [MESSAGE][PASSED] - Wait for page load successfully

2021-07-23 20:11:17 - [MESSAGE][PASSED] - com.helper.browserhelper.CustomBrowser.login is PASSED

2021-07-23 20:11:17 - [TEST_STEP][PASSED] - click(findTestObject("CreateNewProject/button_add_project")): Object: 'Object Repository/CreateNewProject/button_add_project' is clicked on

2021-07-23 20:11:18 - [MESSAGE][PASSED] - Object: 'Object Repository/CreateNewProject/button_add_project' is clicked on

2021-07-23 20:11:18 - [TEST_STEP][PASSED] - waitForElementVisible(findTestObject("CreateNewProject/popup_frame_choose_ project_type_domain_or_youtube"), Timeout): Object 'Object Repository/CreateNewProject/popup_frame_choose_ project_type_domain_or_youtube' is visible

2021-07-23 20:11:19 - [MESSAGE][PASSED] - Object 'Object Repository/CreateNewProject/popup_frame_choose_ project_type_domain_or_youtube' is visible

2021-07-23 20:11:19 - [TEST_STEP][PASSED] - click(findTestObject("CreateNewProject/button_domain")): Object: 'Object Repository/CreateNewProject/button_domain' is clicked on

2021-07-23 20:11:20 - [MESSAGE][PASSED] - Object: 'Object Repository/CreateNewProject/button_domain' is clicked on

2021-07-23 20:11:20 - [TEST_STEP][PASSED] - waitForElementPresent(findTestObject("CreateNewProject/popup_window_creating_project"), Timeout): Object 'Object Repository/CreateNewProject/popup_window_creating_project' is present

2021-07-23 20:11:22 - [MESSAGE][PASSED] - Object 'Object Repository/CreateNewProject/popup_window_creating_project' is present

2021-07-23 20:11:22 - [TEST_STEP][PASSED] - setText(findTestObject("CreateNewProject/FormPage_1/input_domain_name"), "detik.com"): Text 'detik.com' is set on object 'Object Repository/CreateNewProject/FormPage_1/input_domain_name'

2021-07-23 20:11:30 - [MESSAGE][PASSED] - Text 'detik.com' is set on object 'Object Repository/CreateNewProject/FormPage_1/input_domain_name'

2021-07-23 20:11:30 - [TEST_STEP][PASSED] - waitForElementVisible(findTestObject("CreateNewProject/FormPage_1/input_add_your_keyword"), Timeout): Object 'Object Repository/CreateNewProject/FormPage_1/input_add_your_keyword' is visible

2021-07-23 20:11:30 - [MESSAGE][PASSED] - Object 'Object Repository/CreateNewProject/FormPage_1/input_add_your_keyword' is visible

2021-07-23 20:11:30 - [TEST_STEP][PASSED] - setText(findTestObject("CreateNewProject/FormPage_1/input_add_your_keyword"), "politik"): Text 'politik' is set on object 'Object Repository/CreateNewProject/FormPage_1/input_add_your_keyword'

2021-07-23 20:11:31 - [MESSAGE][PASSED] - Text 'politik' is set on object 'Object Repository/CreateNewProject/FormPage_1/input_add_your_keyword'

2021-07-23 20:11:31 - [TEST_STEP][PASSED] - setText(findTestObject("CreateNewProject/FormPage_1/input_keyword_suggestions"), "partai"): Text 'partai' is set on object 'Object Repository/CreateNewProject/FormPage_1/input_keyword_suggestions'

2021-07-23 20:11:32 - [MESSAGE][PASSED] - Text 'partai' is set on object 'Object Repository/CreateNewProject/FormPage_1/input_keyword_suggestions'

2021-07-23 20:11:32 - [TEST_STEP][PASSED] - click(findTestObject("CreateNewProject/FormPage_1/button_next")): Object: 'Object Repository/CreateNewProject/FormPage_1/button_next' is clicked on

2021-07-23 20:11:33 - [MESSAGE][PASSED] - Object: 'Object Repository/CreateNewProject/FormPage_1/button_next' is clicked on

2021-07-23 20:11:33 - [TEST_STEP][PASSED] - delay(3): Delayed 3 second(s)

2021-07-23 20:11:36 - [MESSAGE][PASSED] - Delayed 3 second(s)

2021-07-23 20:11:36 - [TEST_STEP][PASSED] - com.helper.browserhelper.CustomBrowser.closeBrowser(): com.helper.browserhelper.CustomBrowser.closeBrowser is PASSED

2021-07-23 20:11:41 - [MESSAGE][PASSED] - Browser is closed

2021-07-23 20:11:41 - [MESSAGE][PASSED] - com.helper.browserhelper.CustomBrowser.closeBrowser is PASSED]]></system-out>
         <system-err><![CDATA[]]></system-err>
      </testcase>
      <testcase name="Test Cases/Create Project/Negative/TS-CPR-29-CreateProjectWithNameFieldWithLessThan2CharactersTestCase" time="56.128" classname="Test Cases/Create Project/Negative/TS-CPR-29-CreateProjectWithNameFieldWithLessThan2CharactersTestCase" status="PASSED">
         <system-out><![CDATA[2021-07-23 20:11:41 - [TEST_CASE][PASSED] - Test Cases/Create Project/Negative/TS-CPR-29-CreateProjectWithNameFieldWithLessThan2CharactersTestCase: Test Cases/Create Project/Negative/TS-CPR-29-CreateProjectWithNameFieldWithLessThan2CharactersTestCase

2021-07-23 20:11:41 - [TEST_STEP][PASSED] - com.helper.browserhelper.CustomBrowser.login(): com.helper.browserhelper.CustomBrowser.login is PASSED

2021-07-23 20:11:41 - [MESSAGE][INFO] - Starting 'Firefox' driver

2021-07-23 20:11:41 - [MESSAGE][INFO] - Action delay is set to 0 milliseconds

2021-07-23 20:11:57 - [MESSAGE][PASSED] - Browser is opened with url: 'https://dev-v2.serpwatch.io/login'

2021-07-23 20:11:57 - [MESSAGE][PASSED] - Wait for page load successfully

2021-07-23 20:11:57 - [MESSAGE][PASSED] - Current window maximized

2021-07-23 20:11:57 - [MESSAGE][PASSED] - Wait for page load successfully

2021-07-23 20:11:58 - [MESSAGE][PASSED] - Keys 'ayatullah.arul@gmail.com' sent to object: 'Object Repository/LoginPage/input_sign in_email'

2021-07-23 20:11:58 - [MESSAGE][PASSED] - Keys 'aaa101' sent to object: 'Object Repository/LoginPage/input_sign in_password'

2021-07-23 20:12:06 - [MESSAGE][PASSED] - Object: 'Object Repository/LoginPage/button_login' is clicked on

2021-07-23 20:12:06 - [MESSAGE][PASSED] - Wait for page load successfully

2021-07-23 20:12:06 - [MESSAGE][PASSED] - com.helper.browserhelper.CustomBrowser.login is PASSED

2021-07-23 20:12:06 - [TEST_STEP][PASSED] - click(findTestObject("CreateNewProject/button_add_project")): Object: 'Object Repository/CreateNewProject/button_add_project' is clicked on

2021-07-23 20:12:08 - [MESSAGE][PASSED] - Object: 'Object Repository/CreateNewProject/button_add_project' is clicked on

2021-07-23 20:12:08 - [TEST_STEP][PASSED] - waitForElementVisible(findTestObject("CreateNewProject/popup_frame_choose_ project_type_domain_or_youtube"), Timeout): Object 'Object Repository/CreateNewProject/popup_frame_choose_ project_type_domain_or_youtube' is visible

2021-07-23 20:12:08 - [MESSAGE][PASSED] - Object 'Object Repository/CreateNewProject/popup_frame_choose_ project_type_domain_or_youtube' is visible

2021-07-23 20:12:08 - [TEST_STEP][PASSED] - click(findTestObject("CreateNewProject/button_domain")): Object: 'Object Repository/CreateNewProject/button_domain' is clicked on

2021-07-23 20:12:09 - [MESSAGE][PASSED] - Object: 'Object Repository/CreateNewProject/button_domain' is clicked on

2021-07-23 20:12:09 - [TEST_STEP][PASSED] - waitForElementPresent(findTestObject("CreateNewProject/popup_window_creating_project"), Timeout): Object 'Object Repository/CreateNewProject/popup_window_creating_project' is present

2021-07-23 20:12:11 - [MESSAGE][PASSED] - Object 'Object Repository/CreateNewProject/popup_window_creating_project' is present

2021-07-23 20:12:11 - [TEST_STEP][PASSED] - setText(findTestObject("CreateNewProject/FormPage_1/input_project_name"), "Sa"): Text 'Sa' is set on object 'Object Repository/CreateNewProject/FormPage_1/input_project_name'

2021-07-23 20:12:28 - [MESSAGE][PASSED] - Text 'Sa' is set on object 'Object Repository/CreateNewProject/FormPage_1/input_project_name'

2021-07-23 20:12:28 - [TEST_STEP][PASSED] - setText(findTestObject("CreateNewProject/FormPage_1/input_domain_name"), "detik.com"): Text 'detik.com' is set on object 'Object Repository/CreateNewProject/FormPage_1/input_domain_name'

2021-07-23 20:12:29 - [MESSAGE][PASSED] - Text 'detik.com' is set on object 'Object Repository/CreateNewProject/FormPage_1/input_domain_name'

2021-07-23 20:12:29 - [TEST_STEP][PASSED] - waitForElementVisible(findTestObject("CreateNewProject/FormPage_1/input_add_your_keyword"), Timeout): Object 'Object Repository/CreateNewProject/FormPage_1/input_add_your_keyword' is visible

2021-07-23 20:12:29 - [MESSAGE][PASSED] - Object 'Object Repository/CreateNewProject/FormPage_1/input_add_your_keyword' is visible

2021-07-23 20:12:29 - [TEST_STEP][PASSED] - setText(findTestObject("CreateNewProject/FormPage_1/input_add_your_keyword"), "politik"): Text 'politik' is set on object 'Object Repository/CreateNewProject/FormPage_1/input_add_your_keyword'

2021-07-23 20:12:30 - [MESSAGE][PASSED] - Text 'politik' is set on object 'Object Repository/CreateNewProject/FormPage_1/input_add_your_keyword'

2021-07-23 20:12:30 - [TEST_STEP][PASSED] - setText(findTestObject("CreateNewProject/FormPage_1/input_keyword_suggestions"), "partai"): Text 'partai' is set on object 'Object Repository/CreateNewProject/FormPage_1/input_keyword_suggestions'

2021-07-23 20:12:31 - [MESSAGE][PASSED] - Text 'partai' is set on object 'Object Repository/CreateNewProject/FormPage_1/input_keyword_suggestions'

2021-07-23 20:12:31 - [TEST_STEP][PASSED] - click(findTestObject("CreateNewProject/FormPage_1/button_next")): Object: 'Object Repository/CreateNewProject/FormPage_1/button_next' is clicked on

2021-07-23 20:12:31 - [MESSAGE][PASSED] - Object: 'Object Repository/CreateNewProject/FormPage_1/button_next' is clicked on

2021-07-23 20:12:31 - [TEST_STEP][PASSED] - delay(3): Delayed 3 second(s)

2021-07-23 20:12:34 - [MESSAGE][PASSED] - Delayed 3 second(s)

2021-07-23 20:12:34 - [TEST_STEP][PASSED] - com.helper.browserhelper.CustomBrowser.closeBrowser(): com.helper.browserhelper.CustomBrowser.closeBrowser is PASSED

2021-07-23 20:12:37 - [MESSAGE][PASSED] - Browser is closed

2021-07-23 20:12:37 - [MESSAGE][PASSED] - com.helper.browserhelper.CustomBrowser.closeBrowser is PASSED]]></system-out>
         <system-err><![CDATA[]]></system-err>
      </testcase>
      <testcase name="Test Cases/Create Project/Negative/TS-CPR-28-CreateProjectWithoutAnyEnginesOrDevicesSelectedTestCase" time="49.229" classname="Test Cases/Create Project/Negative/TS-CPR-28-CreateProjectWithoutAnyEnginesOrDevicesSelectedTestCase" status="PASSED">
         <system-out><![CDATA[2021-07-23 20:12:37 - [TEST_CASE][PASSED] - Test Cases/Create Project/Negative/TS-CPR-28-CreateProjectWithoutAnyEnginesOrDevicesSelectedTestCase: Test Cases/Create Project/Negative/TS-CPR-28-CreateProjectWithoutAnyEnginesOrDevicesSelectedTestCase

2021-07-23 20:12:37 - [TEST_STEP][PASSED] - com.helper.browserhelper.CustomBrowser.login(): com.helper.browserhelper.CustomBrowser.login is PASSED

2021-07-23 20:12:37 - [MESSAGE][INFO] - Starting 'Firefox' driver

2021-07-23 20:12:37 - [MESSAGE][INFO] - Action delay is set to 0 milliseconds

2021-07-23 20:12:52 - [MESSAGE][PASSED] - Browser is opened with url: 'https://dev-v2.serpwatch.io/login'

2021-07-23 20:12:52 - [MESSAGE][PASSED] - Wait for page load successfully

2021-07-23 20:12:52 - [MESSAGE][PASSED] - Current window maximized

2021-07-23 20:12:52 - [MESSAGE][PASSED] - Wait for page load successfully

2021-07-23 20:12:52 - [MESSAGE][PASSED] - Keys 'ayatullah.arul@gmail.com' sent to object: 'Object Repository/LoginPage/input_sign in_email'

2021-07-23 20:12:52 - [MESSAGE][PASSED] - Keys 'aaa101' sent to object: 'Object Repository/LoginPage/input_sign in_password'

2021-07-23 20:13:00 - [MESSAGE][PASSED] - Object: 'Object Repository/LoginPage/button_login' is clicked on

2021-07-23 20:13:01 - [MESSAGE][PASSED] - Wait for page load successfully

2021-07-23 20:13:01 - [MESSAGE][PASSED] - com.helper.browserhelper.CustomBrowser.login is PASSED

2021-07-23 20:13:01 - [TEST_STEP][PASSED] - click(findTestObject("CreateNewProject/button_add_project")): Object: 'Object Repository/CreateNewProject/button_add_project' is clicked on

2021-07-23 20:13:02 - [MESSAGE][PASSED] - Object: 'Object Repository/CreateNewProject/button_add_project' is clicked on

[...]

2021-07-23 20:35:00 - [MESSAGE][PASSED] - Object 'Object Repository/CreateNewProject/popup_frame_choose_ project_type_domain_or_youtube' is visible

2021-07-23 20:35:00 - [TEST_STEP][PASSED] - click(findTestObject("CreateNewProject/button_domain")): Object: 'Object Repository/CreateNewProject/button_domain' is clicked on

2021-07-23 20:35:00 - [MESSAGE][PASSED] - Object: 'Object Repository/CreateNewProject/button_domain' is clicked on

2021-07-23 20:35:00 - [TEST_STEP][PASSED] - waitForElementPresent(findTestObject("CreateNewProject/popup_window_creating_project"), Timeout): Object 'Object Repository/CreateNewProject/popup_window_creating_project' is present

2021-07-23 20:35:03 - [MESSAGE][PASSED] - Object 'Object Repository/CreateNewProject/popup_window_creating_project' is present

2021-07-23 20:35:03 - [TEST_STEP][PASSED] - setText(findTestObject("CreateNewProject/FormPage_1/input_domain_name"), "detik.com"): Text 'detik.com' is set on object 'Object Repository/CreateNewProject/FormPage_1/input_domain_name'

2021-07-23 20:35:17 - [MESSAGE][PASSED] - Text 'detik.com' is set on object 'Object Repository/CreateNewProject/FormPage_1/input_domain_name'

2021-07-23 20:35:17 - [TEST_STEP][PASSED] - waitForElementVisible(findTestObject("CreateNewProject/FormPage_1/input_add_your_keyword"), Timeout): Object 'Object Repository/CreateNewProject/FormPage_1/input_add_your_keyword' is visible

2021-07-23 20:35:17 - [MESSAGE][PASSED] - Object 'Object Repository/CreateNewProject/FormPage_1/input_add_your_keyword' is visible

2021-07-23 20:35:17 - [TEST_STEP][PASSED] - setText(findTestObject("CreateNewProject/FormPage_1/input_add_your_keyword"), "politik"): Text 'politik' is set on object 'Object Repository/CreateNewProject/FormPage_1/input_add_your_keyword'

2021-07-23 20:35:18 - [MESSAGE][PASSED] - Text 'politik' is set on object 'Object Repository/CreateNewProject/FormPage_1/input_add_your_keyword'

2021-07-23 20:35:18 - [TEST_STEP][PASSED] - setText(findTestObject("CreateNewProject/FormPage_1/input_keyword_suggestions"), "partai"): Text 'partai' is set on object 'Object Repository/CreateNewProject/FormPage_1/input_keyword_suggestions'

2021-07-23 20:35:19 - [MESSAGE][PASSED] - Text 'partai' is set on object 'Object Repository/CreateNewProject/FormPage_1/input_keyword_suggestions'

2021-07-23 20:35:19 - [TEST_STEP][PASSED] - click(findTestObject("CreateNewProject/FormPage_1/button_next")): Object: 'Object Repository/CreateNewProject/FormPage_1/button_next' is clicked on

2021-07-23 20:35:20 - [MESSAGE][PASSED] - Object: 'Object Repository/CreateNewProject/FormPage_1/button_next' is clicked on

2021-07-23 20:35:20 - [TEST_STEP][PASSED] - delay(3): Delayed 3 second(s)

2021-07-23 20:35:23 - [MESSAGE][PASSED] - Delayed 3 second(s)

2021-07-23 20:35:23 - [TEST_STEP][PASSED] - com.helper.browserhelper.CustomBrowser.closeBrowser(): com.helper.browserhelper.CustomBrowser.closeBrowser is PASSED

2021-07-23 20:35:24 - [MESSAGE][PASSED] - Browser is closed

2021-07-23 20:35:24 - [MESSAGE][PASSED] - com.helper.browserhelper.CustomBrowser.closeBrowser is PASSED]]></system-out>
         <system-err><![CDATA[]]></system-err>
      </testcase>
      <testcase name="Test Cases/Create Project/Negative/TS-CPR-31-CreateProjectWithKeywordLessThan2CharactersTestCase" time="55.679" classname="Test Cases/Create Project/Negative/TS-CPR-31-CreateProjectWithKeywordLessThan2CharactersTestCase" status="PASSED">
         <system-out><![CDATA[2021-07-23 20:35:24 - [TEST_CASE][PASSED] - Test Cases/Create Project/Negative/TS-CPR-31-CreateProjectWithKeywordLessThan2CharactersTestCase: Test Cases/Create Project/Negative/TS-CPR-31-CreateProjectWithKeywordLessThan2CharactersTestCase

2021-07-23 20:35:24 - [TEST_STEP][PASSED] - com.helper.browserhelper.CustomBrowser.login(): com.helper.browserhelper.CustomBrowser.login is PASSED

2021-07-23 20:35:24 - [MESSAGE][INFO] - Starting 'Firefox' driver

2021-07-23 20:35:24 - [MESSAGE][INFO] - Action delay is set to 0 milliseconds

2021-07-23 20:35:39 - [MESSAGE][PASSED] - Browser is opened with url: 'https://dev-v2.serpwatch.io/login'

2021-07-23 20:35:39 - [MESSAGE][PASSED] - Wait for page load successfully

2021-07-23 20:35:39 - [MESSAGE][PASSED] - Current window maximized

2021-07-23 20:35:40 - [MESSAGE][PASSED] - Wait for page load successfully

2021-07-23 20:35:40 - [MESSAGE][PASSED] - Keys 'ayatullah.arul@gmail.com' sent to object: 'Object Repository/LoginPage/input_sign in_email'

2021-07-23 20:35:40 - [MESSAGE][PASSED] - Keys 'aaa101' sent to object: 'Object Repository/LoginPage/input_sign in_password'

2021-07-23 20:35:48 - [MESSAGE][PASSED] - Object: 'Object Repository/LoginPage/button_login' is clicked on

2021-07-23 20:35:48 - [MESSAGE][PASSED] - Wait for page load successfully

2021-07-23 20:35:48 - [MESSAGE][PASSED] - com.helper.browserhelper.CustomBrowser.login is PASSED

2021-07-23 20:35:48 - [TEST_STEP][PASSED] - click(findTestObject("CreateNewProject/button_add_project")): Object: 'Object Repository/CreateNewProject/button_add_project' is clicked on

2021-07-23 20:35:58 - [MESSAGE][PASSED] - Object: 'Object Repository/CreateNewProject/button_add_project' is clicked on

2021-07-23 20:35:58 - [TEST_STEP][PASSED] - waitForElementVisible(findTestObject("CreateNewProject/popup_frame_choose_ project_type_domain_or_youtube"), Timeout): Object 'Object Repository/CreateNewProject/popup_frame_choose_ project_type_domain_or_youtube' is visible

2021-07-23 20:35:58 - [MESSAGE][PASSED] - Object 'Object Repository/CreateNewProject/popup_frame_choose_ project_type_domain_or_youtube' is visible

2021-07-23 20:35:58 - [TEST_STEP][PASSED] - click(findTestObject("CreateNewProject/button_domain")): Object: 'Object Repository/CreateNewProject/button_domain' is clicked on

2021-07-23 20:35:59 - [MESSAGE][PASSED] - Object: 'Object Repository/CreateNewProject/button_domain' is clicked on

2021-07-23 20:35:59 - [TEST_STEP][PASSED] - waitForElementPresent(findTestObject("CreateNewProject/popup_window_creating_project"), Timeout): Object 'Object Repository/CreateNewProject/popup_window_creating_project' is present

2021-07-23 20:36:02 - [MESSAGE][PASSED] - Object 'Object Repository/CreateNewProject/popup_window_creating_project' is present

2021-07-23 20:36:02 - [TEST_STEP][PASSED] - setText(findTestObject("CreateNewProject/FormPage_1/input_domain_name"), "detik.com"): Text 'detik.com' is set on object 'Object Repository/CreateNewProject/FormPage_1/input_domain_name'

2021-07-23 20:36:11 - [MESSAGE][PASSED] - Text 'detik.com' is set on object 'Object Repository/CreateNewProject/FormPage_1/input_domain_name'

2021-07-23 20:36:11 - [TEST_STEP][PASSED] - waitForElementVisible(findTestObject("CreateNewProject/FormPage_1/input_add_your_keyword"), Timeout): Object 'Object Repository/CreateNewProject/FormPage_1/input_add_your_keyword' is visible

2021-07-23 20:36:11 - [MESSAGE][PASSED] - Object 'Object Repository/CreateNewProject/FormPage_1/input_add_your_keyword' is visible

2021-07-23 20:36:11 - [TEST_STEP][PASSED] - setText(findTestObject("CreateNewProject/FormPage_1/input_add_your_keyword"), "politik"): Text 'politik' is set on object 'Object Repository/CreateNewProject/FormPage_1/input_add_your_keyword'

2021-07-23 20:36:12 - [MESSAGE][PASSED] - Text 'politik' is set on object 'Object Repository/CreateNewProject/FormPage_1/input_add_your_keyword'

2021-07-23 20:36:12 - [TEST_STEP][PASSED] - setText(findTestObject("CreateNewProject/FormPage_1/input_keyword_suggestions"), "partai"): Text 'partai' is set on object 'Object Repository/CreateNewProject/FormPage_1/input_keyword_suggestions'

2021-07-23 20:36:13 - [MESSAGE][PASSED] - Text 'partai' is set on object 'Object Repository/CreateNewProject/FormPage_1/input_keyword_suggestions'

2021-07-23 20:36:13 - [TEST_STEP][PASSED] - click(findTestObject("CreateNewProject/FormPage_1/button_next")): Object: 'Object Repository/CreateNewProject/FormPage_1/button_next' is clicked on

2021-07-23 20:36:13 - [MESSAGE][PASSED] - Object: 'Object Repository/CreateNewProject/FormPage_1/button_next' is clicked on

2021-07-23 20:36:13 - [TEST_STEP][PASSED] - delay(3): Delayed 3 second(s)

2021-07-23 20:36:16 - [MESSAGE][PASSED] - Delayed 3 second(s)

2021-07-23 20:36:16 - [TEST_STEP][PASSED] - com.helper.browserhelper.CustomBrowser.closeBrowser(): com.helper.browserhelper.CustomBrowser.closeBrowser is PASSED

2021-07-23 20:36:20 - [MESSAGE][PASSED] - Browser is closed

2021-07-23 20:36:20 - [MESSAGE][PASSED] - com.helper.browserhelper.CustomBrowser.closeBrowser is PASSED]]></system-out>
         <system-err><![CDATA[]]></system-err>
      </testcase>
      <testcase name="Test Cases/Create Project/Negative/TS-CPR-32-UploadCsvWithoutSelectingAnyKeywordsTestCase" time="49.046" classname="Test Cases/Create Project/Negative/TS-CPR-32-UploadCsvWithoutSelectingAnyKeywordsTestCase" status="PASSED">
         <system-out><![CDATA[2021-07-23 20:36:20 - [TEST_CASE][PASSED] - Test Cases/Create Project/Negative/TS-CPR-32-UploadCsvWithoutSelectingAnyKeywordsTestCase: Test Cases/Create Project/Negative/TS-CPR-32-UploadCsvWithoutSelectingAnyKeywordsTestCase

2021-07-23 20:36:20 - [TEST_STEP][PASSED] - com.helper.browserhelper.CustomBrowser.login(): com.helper.browserhelper.CustomBrowser.login is PASSED

2021-07-23 20:36:20 - [MESSAGE][INFO] - Starting 'Firefox' driver

2021-07-23 20:36:20 - [MESSAGE][INFO] - Action delay is set to 0 milliseconds

2021-07-23 20:36:34 - [MESSAGE][PASSED] - Browser is opened with url: 'https://dev-v2.serpwatch.io/login'

2021-07-23 20:36:34 - [MESSAGE][PASSED] - Wait for page load successfully

2021-07-23 20:36:34 - [MESSAGE][PASSED] - Current window maximized

2021-07-23 20:36:34 - [MESSAGE][PASSED] - Wait for page load successfully

2021-07-23 20:36:34 - [MESSAGE][PASSED] - Keys 'ayatullah.arul@gmail.com' sent to object: 'Object Repository/LoginPage/input_sign in_email'

2021-07-23 20:36:35 - [MESSAGE][PASSED] - Keys 'aaa101' sent to object: 'Object Repository/LoginPage/input_sign in_password'

2021-07-23 20:36:43 - [MESSAGE][PASSED] - Object: 'Object Repository/LoginPage/button_login' is clicked on

2021-07-23 20:36:43 - [MESSAGE][PASSED] - Wait for page load successfully

2021-07-23 20:36:43 - [MESSAGE][PASSED] - com.helper.browserhelper.CustomBrowser.login is PASSED

2021-07-23 20:36:43 - [TEST_STEP][PASSED] - click(findTestObject("CreateNewProject/button_add_project")): Object: 'Object Repository/CreateNewProject/button_add_project' is clicked on

2021-07-23 20:36:45 - [MESSAGE][PASSED] - Object: 'Object Repository/CreateNewProject/button_add_project' is clicked on

2021-07-23 20:36:45 - [TEST_STEP][PASSED] - waitForElementVisible(findTestObject("CreateNewProject/popup_frame_choose_ project_type_domain_or_youtube"), Timeout): Object 'Object Repository/CreateNewProject/popup_frame_choose_ project_type_domain_or_youtube' is visible

2021-07-23 20:36:45 - [MESSAGE][PASSED] - Object 'Object Repository/CreateNewProject/popup_frame_choose_ project_type_domain_or_youtube' is visible

2021-07-23 20:36:45 - [TEST_STEP][PASSED] - click(findTestObject("CreateNewProject/button_domain")): Object: 'Object Repository/CreateNewProject/button_domain' is clicked on

2021-07-23 20:36:46 - [MESSAGE][PASSED] - Object: 'Object Repository/CreateNewProject/button_domain' is clicked on

2021-07-23 20:36:46 - [TEST_STEP][PASSED] - waitForElementPresent(findTestObject("CreateNewProject/popup_window_creating_project"), Timeout): Object 'Object Repository/CreateNewProject/popup_window_creating_project' is present

2021-07-23 20:36:50 - [MESSAGE][PASSED] - Object 'Object Repository/CreateNewProject/popup_window_creating_project' is present

2021-07-23 20:36:50 - [TEST_STEP][PASSED] - setText(findTestObject("CreateNewProject/FormPage_1/input_domain_name"), "detik.com"): Text 'detik.com' is set on object 'Object Repository/CreateNewProject/FormPage_1/input_domain_name'

2021-07-23 20:37:02 - [MESSAGE][PASSED] - Text 'detik.com' is set on object 'Object Repository/CreateNewProject/FormPage_1/input_domain_name'

2021-07-23 20:37:02 - [TEST_STEP][PASSED] - waitForElementVisible(findTestObject("CreateNewProject/FormPage_1/input_add_your_keyword"), Timeout): Object 'Object Repository/CreateNewProject/FormPage_1/input_add_your_keyword' is visible

2021-07-23 20:37:02 - [MESSAGE][PASSED] - Object 'Object Repository/CreateNewProject/FormPage_1/input_add_your_keyword' is visible

2021-07-23 20:37:02 - [TEST_STEP][PASSED] - setText(findTestObject("CreateNewProject/FormPage_1/input_add_your_keyword"), "politik"): Text 'politik' is set on object 'Object Repository/CreateNewProject/FormPage_1/input_add_your_keyword'

2021-07-23 20:37:03 - [MESSAGE][PASSED] - Text 'politik' is set on object 'Object Repository/CreateNewProject/FormPage_1/input_add_your_keyword'

2021-07-23 20:37:03 - [TEST_STEP][PASSED] - setText(findTestObject("CreateNewProject/FormPage_1/input_keyword_suggestions"), "partai"): Text 'partai' is set on object 'Object Repository/CreateNewProject/FormPage_1/input_keyword_suggestions'

2021-07-23 20:37:03 - [MESSAGE][PASSED] - Text 'partai' is set on object 'Object Repository/CreateNewProject/FormPage_1/input_keyword_suggestions'

2021-07-23 20:37:03 - [TEST_STEP][PASSED] - click(findTestObject("CreateNewProject/FormPage_1/button_next")): Object: 'Object Repository/CreateNewProject/FormPage_1/button_next' is clicked on

2021-07-23 20:37:04 - [MESSAGE][PASSED] - Object: 'Object Repository/CreateNewProject/FormPage_1/button_next' is clicked on

2021-07-23 20:37:04 - [TEST_STEP][PASSED] - delay(3): Delayed 3 second(s)

2021-07-23 20:37:07 - [MESSAGE][PASSED] - Delayed 3 second(s)

2021-07-23 20:37:07 - [TEST_STEP][PASSED] - com.helper.browserhelper.CustomBrowser.closeBrowser(): com.helper.browserhelper.CustomBrowser.closeBrowser is PASSED

2021-07-23 20:37:09 - [MESSAGE][PASSED] - Browser is closed

2021-07-23 20:37:09 - [MESSAGE][PASSED] - com.helper.browserhelper.CustomBrowser.closeBrowser is PASSED]]></system-out>
         <system-err><![CDATA[]]></system-err>
      </testcase>
      <testcase name="Test Cases/Create Project/Negative/TS-CPR-33-CreateProjectThatIsGoingOverTheChecksLimitOfTheUsersPlanTestCase" time="42.975" classname="Test Cases/Create Project/Negative/TS-CPR-33-CreateProjectThatIsGoingOverTheChecksLimitOfTheUsersPlanTestCase" status="PASSED">
         <system-out><![CDATA[2021-07-23 20:37:09 - [TEST_CASE][PASSED] - Test Cases/Create Project/Negative/TS-CPR-33-CreateProjectThatIsGoingOverTheChecksLimitOfTheUsersPlanTestCase: Test Cases/Create Project/Negative/TS-CPR-33-CreateProjectThatIsGoingOverTheChecksLimitOfTheUsersPlanTestCase

2021-07-23 20:37:09 - [TEST_STEP][PASSED] - com.helper.browserhelper.CustomBrowser.login(): com.helper.browserhelper.CustomBrowser.login is PASSED

2021-07-23 20:37:09 - [MESSAGE][INFO] - Starting 'Firefox' driver

2021-07-23 20:37:09 - [MESSAGE][INFO] - Action delay is set to 0 milliseconds

2021-07-23 20:37:24 - [MESSAGE][PASSED] - Browser is opened with url: 'https://dev-v2.serpwatch.io/login'

2021-07-23 20:37:24 - [MESSAGE][PASSED] - Wait for page load successfully

2021-07-23 20:37:24 - [MESSAGE][PASSED] - Current window maximized

2021-07-23 20:37:24 - [MESSAGE][PASSED] - Wait for page load successfully

2021-07-23 20:37:24 - [MESSAGE][PASSED] - Keys 'ayatullah.arul@gmail.com' sent to object: 'Object Repository/LoginPage/input_sign in_email'

2021-07-23 20:37:24 - [MESSAGE][PASSED] - Keys 'aaa101' sent to object: 'Object Repository/LoginPage/input_sign in_password'

2021-07-23 20:37:32 - [MESSAGE][PASSED] - Object: 'Object Repository/LoginPage/button_login' is clicked on

2021-07-23 20:37:32 - [MESSAGE][PASSED] - Wait for page load successfully

2021-07-23 20:37:32 - [MESSAGE][PASSED] - com.helper.browserhelper.CustomBrowser.login is PASSED

2021-07-23 20:37:32 - [TEST_STEP][PASSED] - click(findTestObject("CreateNewProject/button_add_project")): Object: 'Object Repository/CreateNewProject/button_add_project' is clicked on

2021-07-23 20:37:33 - [MESSAGE][PASSED] - Object: 'Object Repository/CreateNewProject/button_add_project' is clicked on

2021-07-23 20:37:33 - [TEST_STEP][PASSED] - waitForElementVisible(findTestObject("CreateNewProject/popup_frame_choose_ project_type_domain_or_youtube"), Timeout): Object 'Object Repository/CreateNewProject/popup_frame_choose_ project_type_domain_or_youtube' is visible

2021-07-23 20:37:33 - [MESSAGE][PASSED] - Object 'Object Repository/CreateNewProject/popup_frame_choose_ project_type_domain_or_youtube' is visible

2021-07-23 20:37:33 - [TEST_STEP][PASSED] - click(findTestObject("CreateNewProject/button_domain")): Object: 'Object Repository/CreateNewProject/button_domain' is clicked on

2021-07-23 20:37:34 - [MESSAGE][PASSED] - Object: 'Object Repository/CreateNewProject/button_domain' is clicked on

2021-07-23 20:37:34 - [TEST_STEP][PASSED] - waitForElementPresent(findTestObject("CreateNewProject/popup_window_creating_project"), Timeout): Object 'Object Repository/CreateNewProject/popup_window_creating_project' is present

2021-07-23 20:37:36 - [MESSAGE][PASSED] - Object 'Object Repository/CreateNewProject/popup_window_creating_project' is present

2021-07-23 20:37:36 - [TEST_STEP][PASSED] - setText(findTestObject("CreateNewProject/FormPage_1/input_domain_name"), "detik.com"): Text 'detik.com' is set on object 'Object Repository/CreateNewProject/FormPage_1/input_domain_name'

2021-07-23 20:37:45 - [MESSAGE][PASSED] - Text 'detik.com' is set on object 'Object Repository/CreateNewProject/FormPage_1/input_domain_name'

2021-07-23 20:37:45 - [TEST_STEP][PASSED] - waitForElementVisible(findTestObject("CreateNewProject/FormPage_1/input_add_your_keyword"), Timeout): Object 'Object Repository/CreateNewProject/FormPage_1/input_add_your_keyword' is visible

2021-07-23 20:37:45 - [MESSAGE][PASSED] - Object 'Object Repository/CreateNewProject/FormPage_1/input_add_your_keyword' is visible

2021-07-23 20:37:45 - [TEST_STEP][PASSED] - setText(findTestObject("CreateNewProject/FormPage_1/input_add_your_keyword"), "politik"): Text 'politik' is set on object 'Object Repository/CreateNewProject/FormPage_1/input_add_your_keyword'

2021-07-23 20:37:46 - [MESSAGE][PASSED] - Text 'politik' is set on object 'Object Repository/CreateNewProject/FormPage_1/input_add_your_keyword'

2021-07-23 20:37:46 - [TEST_STEP][PASSED] - setText(findTestObject("CreateNewProject/FormPage_1/input_keyword_suggestions"), "partai"): Text 'partai' is set on object 'Object Repository/CreateNewProject/FormPage_1/input_keyword_suggestions'

2021-07-23 20:37:47 - [MESSAGE][PASSED] - Text 'partai' is set on object 'Object Repository/CreateNewProject/FormPage_1/input_keyword_suggestions'

2021-07-23 20:37:47 - [TEST_STEP][PASSED] - click(findTestObject("CreateNewProject/FormPage_1/button_next")): Object: 'Object Repository/CreateNewProject/FormPage_1/button_next' is clicked on

2021-07-23 20:37:47 - [MESSAGE][PASSED] - Object: 'Object Repository/CreateNewProject/FormPage_1/button_next' is clicked on

2021-07-23 20:37:47 - [TEST_STEP][PASSED] - delay(3): Delayed 3 second(s)

2021-07-23 20:37:50 - [MESSAGE][PASSED] - Delayed 3 second(s)

2021-07-23 20:37:50 - [TEST_STEP][PASSED] - com.helper.browserhelper.CustomBrowser.closeBrowser(): com.helper.browserhelper.CustomBrowser.closeBrowser is PASSED

2021-07-23 20:37:52 - [MESSAGE][PASSED] - Browser is closed

2021-07-23 20:37:52 - [MESSAGE][PASSED] - com.helper.browserhelper.CustomBrowser.closeBrowser is PASSED]]></system-out>
         <system-err><![CDATA[]]></system-err>
      </testcase>
      <system-out><![CDATA[2021-07-23 20:00:53 - [TEST_SUITE][PASSED] - RunAllTestCasesTestSuite: Test Cases/Create Project/Negative/TS-CPR-33-CreateProjectThatIsGoingOverTheChecksLimitOfTheUsersPlanTestCase]]></system-out>
      <system-err><![CDATA[]]></system-err>
   </testsuite>
</testsuites>
